
code4.elf:     file format elf32-bigmips


Disassembly of section .text.start:

10000000 <_entry>:
10000000:	3c051001 	lui	a1,0x1001
10000004:	24a50680 	addiu	a1,a1,1664
10000008:	3c041009 	lui	a0,0x1009
1000000c:	2484baf8 	addiu	a0,a0,-17672
10000010:	3c1c1001 	lui	gp,0x1001
10000014:	279c067c 	addiu	gp,gp,1660
10000018:	3c1d2000 	lui	sp,0x2000
1000001c:	27bdfffc 	addiu	sp,sp,-4
10000020:	aca00000 	sw	zero,0(a1)
10000024:	00a4182a 	slt	v1,a1,a0
10000028:	24a50004 	addiu	a1,a1,4
1000002c:	1460fffc 	bnez	v1,10000020 <_entry+0x20>
10000030:	00000000 	nop
10000034:	0c0004ff 	jal	100013fc <main>
10000038:	00000000 	nop
1000003c:	3c1ae000 	lui	k0,0xe000
10000040:	af400000 	sw	zero,0(k0)
10000044:	1000ffff 	b	10000044 <_entry+0x44>
10000048:	00000000 	nop
	...

10000100 <_isr>:
10000100:	23bdff98 	addi	sp,sp,-104
10000104:	afa10010 	sw	at,16(sp)
10000108:	afa20014 	sw	v0,20(sp)
1000010c:	afa30018 	sw	v1,24(sp)
10000110:	afa4001c 	sw	a0,28(sp)
10000114:	afa50020 	sw	a1,32(sp)
10000118:	afa60024 	sw	a2,36(sp)
1000011c:	afa70028 	sw	a3,40(sp)
10000120:	afa8002c 	sw	t0,44(sp)
10000124:	afa90030 	sw	t1,48(sp)
10000128:	afaa0034 	sw	t2,52(sp)
1000012c:	afab0038 	sw	t3,56(sp)
10000130:	afac003c 	sw	t4,60(sp)
10000134:	afad0040 	sw	t5,64(sp)
10000138:	afae0044 	sw	t6,68(sp)
1000013c:	afaf0048 	sw	t7,72(sp)
10000140:	afb8004c 	sw	t8,76(sp)
10000144:	afb90050 	sw	t9,80(sp)
10000148:	afbf0054 	sw	ra,84(sp)
1000014c:	401a7000 	mfc0	k0,c0_epc
10000150:	235afffc 	addi	k0,k0,-4
10000154:	afba0058 	sw	k0,88(sp)
10000158:	0000d810 	mfhi	k1
1000015c:	afbb005c 	sw	k1,92(sp)
10000160:	0000d812 	mflo	k1
10000164:	afbb0060 	sw	k1,96(sp)
10000168:	3c052000 	lui	a1,0x2000
1000016c:	8ca40020 	lw	a0,32(a1)
10000170:	8ca60010 	lw	a2,16(a1)
10000174:	00862024 	and	a0,a0,a2
10000178:	0c000187 	jal	1000061c <_irq_handler>
1000017c:	27a50000 	addiu	a1,sp,0
10000180:	8fa10010 	lw	at,16(sp)
10000184:	8fa20014 	lw	v0,20(sp)
10000188:	8fa30018 	lw	v1,24(sp)
1000018c:	8fa4001c 	lw	a0,28(sp)
10000190:	8fa50020 	lw	a1,32(sp)
10000194:	8fa60024 	lw	a2,36(sp)
10000198:	8fa70028 	lw	a3,40(sp)
1000019c:	8fa8002c 	lw	t0,44(sp)
100001a0:	8fa90030 	lw	t1,48(sp)
100001a4:	8faa0034 	lw	t2,52(sp)
100001a8:	8fab0038 	lw	t3,56(sp)
100001ac:	8fac003c 	lw	t4,60(sp)
100001b0:	8fad0040 	lw	t5,64(sp)
100001b4:	8fae0044 	lw	t6,68(sp)
100001b8:	8faf0048 	lw	t7,72(sp)
100001bc:	8fb8004c 	lw	t8,76(sp)
100001c0:	8fb90050 	lw	t9,80(sp)
100001c4:	8fbf0054 	lw	ra,84(sp)
100001c8:	8fba0058 	lw	k0,88(sp)
100001cc:	8fbb005c 	lw	k1,92(sp)
100001d0:	03600011 	mthi	k1
100001d4:	8fbb0060 	lw	k1,96(sp)
100001d8:	03600013 	mtlo	k1
100001dc:	23bd0068 	addi	sp,sp,104

100001e0 <isr_return>:
100001e0:	341b0001 	li	k1,0x1
100001e4:	03400008 	jr	k0
100001e8:	409b6000 	mtc0	k1,c0_sr

100001ec <_interrupt_set>:
100001ec:	40026000 	mfc0	v0,c0_sr
100001f0:	40846000 	mtc0	a0,c0_sr
100001f4:	03e00008 	jr	ra
100001f8:	40846000 	mtc0	a0,c0_sr

100001fc <_interrupt_init>:
100001fc:	3c051000 	lui	a1,0x1000
10000200:	24a5022c 	addiu	a1,a1,556
10000204:	8ca60000 	lw	a2,0(a1)
10000208:	ac06003c 	sw	a2,60(zero)
1000020c:	8ca60004 	lw	a2,4(a1)
10000210:	ac060040 	sw	a2,64(zero)
10000214:	8ca60008 	lw	a2,8(a1)
10000218:	ac060044 	sw	a2,68(zero)
1000021c:	8ca6000c 	lw	a2,12(a1)
10000220:	ac060048 	sw	a2,72(zero)
10000224:	03e00008 	jr	ra
10000228:	00000000 	nop

1000022c <_irq_patch>:
1000022c:	3c1a1000 	lui	k0,0x1000
10000230:	275a0100 	addiu	k0,k0,256
10000234:	03400008 	jr	k0
10000238:	00000000 	nop

1000023c <_context_save>:
1000023c:	ac900000 	sw	s0,0(a0)
10000240:	ac910004 	sw	s1,4(a0)
10000244:	ac920008 	sw	s2,8(a0)
10000248:	ac93000c 	sw	s3,12(a0)
1000024c:	ac940010 	sw	s4,16(a0)
10000250:	ac950014 	sw	s5,20(a0)
10000254:	ac960018 	sw	s6,24(a0)
10000258:	ac97001c 	sw	s7,28(a0)
1000025c:	ac9e0020 	sw	s8,32(a0)
10000260:	ac9c0024 	sw	gp,36(a0)
10000264:	ac9d0028 	sw	sp,40(a0)
10000268:	ac9f002c 	sw	ra,44(a0)
1000026c:	03e00008 	jr	ra
10000270:	34020000 	li	v0,0x0

10000274 <_context_restore>:
10000274:	8c900000 	lw	s0,0(a0)
10000278:	8c910004 	lw	s1,4(a0)
1000027c:	8c920008 	lw	s2,8(a0)
10000280:	8c93000c 	lw	s3,12(a0)
10000284:	8c940010 	lw	s4,16(a0)
10000288:	8c950014 	lw	s5,20(a0)
1000028c:	8c960018 	lw	s6,24(a0)
10000290:	8c97001c 	lw	s7,28(a0)
10000294:	8c9e0020 	lw	s8,32(a0)
10000298:	8c9c0024 	lw	gp,36(a0)
1000029c:	8c9d0028 	lw	sp,40(a0)
100002a0:	8c9f002c 	lw	ra,44(a0)
100002a4:	341b0001 	li	k1,0x1
100002a8:	409b6000 	mtc0	k1,c0_sr
100002ac:	03e00008 	jr	ra
100002b0:	34a20000 	ori	v0,a1,0x0

Disassembly of section .text:

100002b4 <_idletask>:
100002b4:	080000ad 	j	100002b4 <_idletask>
100002b8:	00000000 	nop

100002bc <putchar>:
100002bc:	3c022000 	lui	v0,0x2000
100002c0:	ac4400d0 	sw	a0,208(v0)
100002c4:	03e00008 	jr	ra
100002c8:	00000000 	nop

100002cc <_hardware_init>:
100002cc:	3c022000 	lui	v0,0x2000
100002d0:	3c03a5a5 	lui	v1,0xa5a5
100002d4:	8c4400e0 	lw	a0,224(v0)
100002d8:	3463a5a5 	ori	v1,v1,0xa5a5
100002dc:	14830006 	bne	a0,v1,100002f8 <_hardware_init+0x2c>
100002e0:	3c03017d 	lui	v1,0x17d
100002e4:	24637840 	addiu	v1,v1,30784
100002e8:	ac4300a0 	sw	v1,160(v0)
100002ec:	3c030004 	lui	v1,0x4
100002f0:	ac4300b0 	sw	v1,176(v0)
100002f4:	3c022000 	lui	v0,0x2000
100002f8:	ac400010 	sw	zero,16(v0)
100002fc:	03e00008 	jr	ra
10000300:	00000000 	nop

10000304 <_vm_init>:
10000304:	3c041000 	lui	a0,0x1000
10000308:	27bdffe8 	addiu	sp,sp,-24
1000030c:	afbf0014 	sw	ra,20(sp)
10000310:	0c0001f7 	jal	100007dc <kprintf>
10000314:	24842b38 	addiu	a0,a0,11064
10000318:	3c041001 	lui	a0,0x1001
1000031c:	3c050007 	lui	a1,0x7
10000320:	8fbf0014 	lw	ra,20(sp)
10000324:	2484190c 	addiu	a0,a0,6412
10000328:	34a5a120 	ori	a1,a1,0xa120
1000032c:	08000619 	j	10001864 <heapinit>
10000330:	27bd0018 	addiu	sp,sp,24

10000334 <_sched_init>:
10000334:	3c041000 	lui	a0,0x1000
10000338:	080001f7 	j	100007dc <kprintf>
1000033c:	24842b4c 	addiu	a0,a0,11084

10000340 <_timer_init>:
10000340:	27bdffe8 	addiu	sp,sp,-24
10000344:	3c041000 	lui	a0,0x1000
10000348:	afb00010 	sw	s0,16(sp)
1000034c:	24842b60 	addiu	a0,a0,11104
10000350:	afbf0014 	sw	ra,20(sp)
10000354:	0c0001f7 	jal	100007dc <kprintf>
10000358:	3c101000 	lui	s0,0x1000
1000035c:	26052218 	addiu	a1,s0,8728
10000360:	0c000179 	jal	100005e4 <_irq_register>
10000364:	24040008 	li	a0,8
10000368:	26052218 	addiu	a1,s0,8728
1000036c:	0c000179 	jal	100005e4 <_irq_register>
10000370:	24040004 	li	a0,4
10000374:	3c022000 	lui	v0,0x2000
10000378:	8c430010 	lw	v1,16(v0)
1000037c:	8fbf0014 	lw	ra,20(sp)
10000380:	34630008 	ori	v1,v1,0x8
10000384:	8fb00010 	lw	s0,16(sp)
10000388:	ac430010 	sw	v1,16(v0)
1000038c:	03e00008 	jr	ra
10000390:	27bd0018 	addiu	sp,sp,24

10000394 <_irq_init>:
10000394:	3c041000 	lui	a0,0x1000
10000398:	080001f7 	j	100007dc <kprintf>
1000039c:	24842b74 	addiu	a0,a0,11124

100003a0 <_device_init>:
100003a0:	3c041000 	lui	a0,0x1000
100003a4:	27bdffe8 	addiu	sp,sp,-24
100003a8:	afbf0014 	sw	ra,20(sp)
100003ac:	0c0001f7 	jal	100007dc <kprintf>
100003b0:	24842b88 	addiu	a0,a0,11144
100003b4:	8fbf0014 	lw	ra,20(sp)
100003b8:	08000702 	j	10001c08 <ni_init>
100003bc:	27bd0018 	addiu	sp,sp,24

100003c0 <_task_init>:
100003c0:	3c041000 	lui	a0,0x1000
100003c4:	27bdffe0 	addiu	sp,sp,-32
100003c8:	24842ba0 	addiu	a0,a0,11168
100003cc:	afbf001c 	sw	ra,28(sp)
100003d0:	0c0001f7 	jal	100007dc <kprintf>
100003d4:	afb00018 	sw	s0,24(sp)
100003d8:	3c021000 	lui	v0,0x1000
100003dc:	244233a4 	addiu	v0,v0,13220
100003e0:	3c041000 	lui	a0,0x1000
100003e4:	00003021 	move	a2,zero
100003e8:	00003821 	move	a3,zero
100003ec:	248402b4 	addiu	a0,a0,692
100003f0:	00002821 	move	a1,zero
100003f4:	afa20010 	sw	v0,16(sp)
100003f8:	24020400 	li	v0,1024
100003fc:	0c0009f9 	jal	100027e4 <hf_spawn>
10000400:	afa20014 	sw	v0,20(sp)
10000404:	0c00036a 	jal	10000da8 <app_main>
10000408:	3c101009 	lui	s0,0x1009
1000040c:	3c021009 	lui	v0,0x1009
10000410:	8c45bb08 	lw	a1,-17656(v0)
10000414:	3c041000 	lui	a0,0x1000
10000418:	0c0001f7 	jal	100007dc <kprintf>
1000041c:	24842bb4 	addiu	a0,a0,11188
10000420:	3c041000 	lui	a0,0x1000
10000424:	0c0001f7 	jal	100007dc <kprintf>
10000428:	24842bd4 	addiu	a0,a0,11220
1000042c:	3c021001 	lui	v0,0x1001
10000430:	00002021 	move	a0,zero
10000434:	2442073c 	addiu	v0,v0,1852
10000438:	0c0007b4 	jal	10001ed0 <hf_schedlock>
1000043c:	ae02bafc 	sw	v0,-17668(s0)
10000440:	8e04bafc 	lw	a0,-17668(s0)
10000444:	8fbf001c 	lw	ra,28(sp)
10000448:	8fb00018 	lw	s0,24(sp)
1000044c:	24050001 	li	a1,1
10000450:	24840038 	addiu	a0,a0,56
10000454:	0800009d 	j	10000274 <_context_restore>
10000458:	27bd0020 	addiu	sp,sp,32

1000045c <_set_task_sp>:
1000045c:	3084ffff 	andi	a0,a0,0xffff
10000460:	00041880 	sll	v1,a0,0x2
10000464:	00041100 	sll	v0,a0,0x4
10000468:	00621021 	addu	v0,v1,v0
1000046c:	00442023 	subu	a0,v0,a0
10000470:	3c021001 	lui	v0,0x1001
10000474:	000420c0 	sll	a0,a0,0x3
10000478:	2442073c 	addiu	v0,v0,1852
1000047c:	00822021 	addu	a0,a0,v0
10000480:	03e00008 	jr	ra
10000484:	ac850060 	sw	a1,96(a0)

10000488 <_get_task_sp>:
10000488:	3084ffff 	andi	a0,a0,0xffff
1000048c:	00041880 	sll	v1,a0,0x2
10000490:	00041100 	sll	v0,a0,0x4
10000494:	00621021 	addu	v0,v1,v0
10000498:	00442023 	subu	a0,v0,a0
1000049c:	3c021001 	lui	v0,0x1001
100004a0:	2442073c 	addiu	v0,v0,1852
100004a4:	000420c0 	sll	a0,a0,0x3
100004a8:	00822021 	addu	a0,a0,v0
100004ac:	8c820060 	lw	v0,96(a0)
100004b0:	03e00008 	jr	ra
100004b4:	00000000 	nop

100004b8 <_set_task_tp>:
100004b8:	3084ffff 	andi	a0,a0,0xffff
100004bc:	00041880 	sll	v1,a0,0x2
100004c0:	00041100 	sll	v0,a0,0x4
100004c4:	00621021 	addu	v0,v1,v0
100004c8:	00442023 	subu	a0,v0,a0
100004cc:	3c021001 	lui	v0,0x1001
100004d0:	000420c0 	sll	a0,a0,0x3
100004d4:	2442073c 	addiu	v0,v0,1852
100004d8:	00822021 	addu	a0,a0,v0
100004dc:	03e00008 	jr	ra
100004e0:	ac850064 	sw	a1,100(a0)

100004e4 <_read_us>:
100004e4:	3c091001 	lui	t1,0x1001
100004e8:	8d220688 	lw	v0,1672(t1)
100004ec:	27bdffe8 	addiu	sp,sp,-24
100004f0:	afbf0014 	sw	ra,20(sp)
100004f4:	14400015 	bnez	v0,1000054c <_read_us+0x68>
100004f8:	3c032000 	lui	v1,0x2000
100004fc:	8c620060 	lw	v0,96(v1)
10000500:	3c021001 	lui	v0,0x1001
10000504:	8c42068c 	lw	v0,1676(v0)
10000508:	8c630060 	lw	v1,96(v1)
1000050c:	3c032000 	lui	v1,0x2000
10000510:	8c6a0060 	lw	t2,96(v1)
10000514:	8c680060 	lw	t0,96(v1)
10000518:	00402021 	move	a0,v0
1000051c:	3c031001 	lui	v1,0x1001
10000520:	01002821 	move	a1,t0
10000524:	24070019 	li	a3,25
10000528:	00003021 	move	a2,zero
1000052c:	ad2a0688 	sw	t2,1672(t1)
10000530:	ac620690 	sw	v0,1680(v1)
10000534:	0c0004f7 	jal	100013dc <__udivdi3>
10000538:	ac680694 	sw	t0,1684(v1)
1000053c:	8fbf0014 	lw	ra,20(sp)
10000540:	00000000 	nop
10000544:	03e00008 	jr	ra
10000548:	27bd0018 	addiu	sp,sp,24
1000054c:	8c630060 	lw	v1,96(v1)
10000550:	00000000 	nop
10000554:	0062102b 	sltu	v0,v1,v0
10000558:	10400007 	beqz	v0,10000578 <_read_us+0x94>
1000055c:	00000000 	nop
10000560:	3c031001 	lui	v1,0x1001
10000564:	8c62068c 	lw	v0,1676(v1)
10000568:	00000000 	nop
1000056c:	24420001 	addiu	v0,v0,1
10000570:	08000143 	j	1000050c <_read_us+0x28>
10000574:	ac62068c 	sw	v0,1676(v1)
10000578:	3c021001 	lui	v0,0x1001
1000057c:	8c42068c 	lw	v0,1676(v0)
10000580:	08000144 	j	10000510 <_read_us+0x2c>
10000584:	3c032000 	lui	v1,0x2000

10000588 <_timer_reset>:
10000588:	3c022000 	lui	v0,0x2000
1000058c:	8c430010 	lw	v1,16(v0)
10000590:	27bdffe8 	addiu	sp,sp,-24
10000594:	3863000c 	xori	v1,v1,0xc
10000598:	afbf0014 	sw	ra,20(sp)
1000059c:	ac430010 	sw	v1,16(v0)
100005a0:	0c000139 	jal	100004e4 <_read_us>
100005a4:	00000000 	nop
100005a8:	3c021001 	lui	v0,0x1001
100005ac:	8c450684 	lw	a1,1668(v0)
100005b0:	3c041001 	lui	a0,0x1001
100005b4:	8fbf0014 	lw	ra,20(sp)
100005b8:	00652823 	subu	a1,v1,a1
100005bc:	ac830680 	sw	v1,1664(a0)
100005c0:	3c041009 	lui	a0,0x1009
100005c4:	ac85ba40 	sw	a1,-17856(a0)
100005c8:	ac430684 	sw	v1,1668(v0)
100005cc:	03e00008 	jr	ra
100005d0:	27bd0018 	addiu	sp,sp,24

100005d4 <_panic>:
100005d4:	3c02e000 	lui	v0,0xe000
100005d8:	ac400000 	sw	zero,0(v0)
100005dc:	03e00008 	jr	ra
100005e0:	00000000 	nop

100005e4 <_irq_register>:
100005e4:	3c031001 	lui	v1,0x1001
100005e8:	24630698 	addiu	v1,v1,1688
100005ec:	00001021 	move	v0,zero
100005f0:	24080001 	li	t0,1
100005f4:	24070020 	li	a3,32
100005f8:	00483004 	sllv	a2,t0,v0
100005fc:	00c43024 	and	a2,a2,a0
10000600:	10c00002 	beqz	a2,1000060c <_irq_register+0x28>
10000604:	24420001 	addiu	v0,v0,1
10000608:	ac650000 	sw	a1,0(v1)
1000060c:	1447fffa 	bne	v0,a3,100005f8 <_irq_register+0x14>
10000610:	24630004 	addiu	v1,v1,4
10000614:	03e00008 	jr	ra
10000618:	00000000 	nop

1000061c <_irq_handler>:
1000061c:	3c021009 	lui	v0,0x1009
10000620:	2442ba2c 	addiu	v0,v0,-17876
10000624:	8c430010 	lw	v1,16(v0)
10000628:	27bdffe0 	addiu	sp,sp,-32
1000062c:	afb10014 	sw	s1,20(sp)
10000630:	24630001 	addiu	v1,v1,1
10000634:	3c111001 	lui	s1,0x1001
10000638:	afb20018 	sw	s2,24(sp)
1000063c:	afb00010 	sw	s0,16(sp)
10000640:	afbf001c 	sw	ra,28(sp)
10000644:	00808021 	move	s0,a0
10000648:	00a09021 	move	s2,a1
1000064c:	ac430010 	sw	v1,16(v0)
10000650:	26310698 	addiu	s1,s1,1688
10000654:	32020001 	andi	v0,s0,0x1
10000658:	10400007 	beqz	v0,10000678 <_irq_handler+0x5c>
1000065c:	00108042 	srl	s0,s0,0x1
10000660:	8e220000 	lw	v0,0(s1)
10000664:	00000000 	nop
10000668:	10400003 	beqz	v0,10000678 <_irq_handler+0x5c>
1000066c:	02402021 	move	a0,s2
10000670:	0040f809 	jalr	v0
10000674:	00000000 	nop
10000678:	1600fff6 	bnez	s0,10000654 <_irq_handler+0x38>
1000067c:	26310004 	addiu	s1,s1,4
10000680:	8fbf001c 	lw	ra,28(sp)
10000684:	8fb20018 	lw	s2,24(sp)
10000688:	8fb10014 	lw	s1,20(sp)
1000068c:	8fb00010 	lw	s0,16(sp)
10000690:	03e00008 	jr	ra
10000694:	27bd0020 	addiu	sp,sp,32

10000698 <_irq_mask_set>:
10000698:	27bdffe8 	addiu	sp,sp,-24
1000069c:	afb00010 	sw	s0,16(sp)
100006a0:	00808021 	move	s0,a0
100006a4:	afbf0014 	sw	ra,20(sp)
100006a8:	0c00007b 	jal	100001ec <_interrupt_set>
100006ac:	00002021 	move	a0,zero
100006b0:	3c032000 	lui	v1,0x2000
100006b4:	8c650010 	lw	a1,16(v1)
100006b8:	8fbf0014 	lw	ra,20(sp)
100006bc:	02058025 	or	s0,s0,a1
100006c0:	ac700010 	sw	s0,16(v1)
100006c4:	00402021 	move	a0,v0
100006c8:	8fb00010 	lw	s0,16(sp)
100006cc:	0800007b 	j	100001ec <_interrupt_set>
100006d0:	27bd0018 	addiu	sp,sp,24

100006d4 <kitoa.part.0>:
100006d4:	24020010 	li	v0,16
100006d8:	10a20023 	beq	a1,v0,10000768 <kitoa.part.0+0x94>
100006dc:	00803021 	move	a2,a0
100006e0:	04800034 	bltz	a0,100007b4 <kitoa.part.0+0xe0>
100006e4:	00000000 	nop
100006e8:	10800019 	beqz	a0,10000750 <kitoa.part.0+0x7c>
100006ec:	00004021 	move	t0,zero
100006f0:	3c021001 	lui	v0,0x1001
100006f4:	3c071000 	lui	a3,0x1000
100006f8:	2403001e 	li	v1,30
100006fc:	24420718 	addiu	v0,v0,1816
10000700:	080001c4 	j	10000710 <kitoa.part.0+0x3c>
10000704:	24e72bf0 	addiu	a3,a3,11248
10000708:	1060000b 	beqz	v1,10000738 <kitoa.part.0+0x64>
1000070c:	00000000 	nop
10000710:	00c5001a 	div	zero,a2,a1
10000714:	00432021 	addu	a0,v0,v1
10000718:	2463ffff 	addiu	v1,v1,-1
1000071c:	00003010 	mfhi	a2
10000720:	00e63021 	addu	a2,a3,a2
10000724:	90c90000 	lbu	t1,0(a2)
10000728:	00005012 	mflo	t2
1000072c:	00003012 	mflo	a2
10000730:	1540fff5 	bnez	t2,10000708 <kitoa.part.0+0x34>
10000734:	a0890000 	sb	t1,0(a0)
10000738:	11000008 	beqz	t0,1000075c <kitoa.part.0+0x88>
1000073c:	00432021 	addu	a0,v0,v1
10000740:	2405002d 	li	a1,45
10000744:	a0850000 	sb	a1,0(a0)
10000748:	03e00008 	jr	ra
1000074c:	00431021 	addu	v0,v0,v1
10000750:	3c021001 	lui	v0,0x1001
10000754:	2403001e 	li	v1,30
10000758:	24420718 	addiu	v0,v0,1816
1000075c:	24630001 	addiu	v1,v1,1
10000760:	03e00008 	jr	ra
10000764:	00431021 	addu	v0,v0,v1
10000768:	10800018 	beqz	a0,100007cc <kitoa.part.0+0xf8>
1000076c:	3c071000 	lui	a3,0x1000
10000770:	3c021001 	lui	v0,0x1001
10000774:	2403001e 	li	v1,30
10000778:	24420718 	addiu	v0,v0,1816
1000077c:	080001e3 	j	1000078c <kitoa.part.0+0xb8>
10000780:	24e72bf0 	addiu	a3,a3,11248
10000784:	1060000e 	beqz	v1,100007c0 <kitoa.part.0+0xec>
10000788:	00000000 	nop
1000078c:	30c4000f 	andi	a0,a2,0xf
10000790:	00e42021 	addu	a0,a3,a0
10000794:	90850000 	lbu	a1,0(a0)
10000798:	00063102 	srl	a2,a2,0x4
1000079c:	00432021 	addu	a0,v0,v1
100007a0:	a0850000 	sb	a1,0(a0)
100007a4:	14c0fff7 	bnez	a2,10000784 <kitoa.part.0+0xb0>
100007a8:	2463ffff 	addiu	v1,v1,-1
100007ac:	080001d8 	j	10000760 <kitoa.part.0+0x8c>
100007b0:	24630001 	addiu	v1,v1,1
100007b4:	00043023 	negu	a2,a0
100007b8:	080001bc 	j	100006f0 <kitoa.part.0+0x1c>
100007bc:	24080001 	li	t0,1
100007c0:	24030001 	li	v1,1
100007c4:	03e00008 	jr	ra
100007c8:	00431021 	addu	v0,v0,v1
100007cc:	3c021001 	lui	v0,0x1001
100007d0:	2403001f 	li	v1,31
100007d4:	080001d2 	j	10000748 <kitoa.part.0+0x74>
100007d8:	24420718 	addiu	v0,v0,1816

100007dc <kprintf>:
100007dc:	27bdffc0 	addiu	sp,sp,-64
100007e0:	27a20044 	addiu	v0,sp,68
100007e4:	afb60034 	sw	s6,52(sp)
100007e8:	afb50030 	sw	s5,48(sp)
100007ec:	afb4002c 	sw	s4,44(sp)
100007f0:	afb30028 	sw	s3,40(sp)
100007f4:	afb20024 	sw	s2,36(sp)
100007f8:	afb10020 	sw	s1,32(sp)
100007fc:	afb0001c 	sw	s0,28(sp)
10000800:	afbf003c 	sw	ra,60(sp)
10000804:	afb70038 	sw	s7,56(sp)
10000808:	afa50044 	sw	a1,68(sp)
1000080c:	afa60048 	sw	a2,72(sp)
10000810:	afa7004c 	sw	a3,76(sp)
10000814:	00808021 	move	s0,a0
10000818:	afa20010 	sw	v0,16(sp)
1000081c:	0040a821 	move	s5,v0
10000820:	24110025 	li	s1,37
10000824:	24120064 	li	s2,100
10000828:	3c141000 	lui	s4,0x1000
1000082c:	24130073 	li	s3,115
10000830:	3c161000 	lui	s6,0x1000
10000834:	82040000 	lb	a0,0(s0)
10000838:	00000000 	nop
1000083c:	10800009 	beqz	a0,10000864 <kprintf+0x88>
10000840:	00000000 	nop
10000844:	10910013 	beq	a0,s1,10000894 <kprintf+0xb8>
10000848:	00000000 	nop
1000084c:	0c0000af 	jal	100002bc <putchar>
10000850:	26100001 	addiu	s0,s0,1
10000854:	82040000 	lb	a0,0(s0)
10000858:	00000000 	nop
1000085c:	1480fff9 	bnez	a0,10000844 <kprintf+0x68>
10000860:	00000000 	nop
10000864:	8fbf003c 	lw	ra,60(sp)
10000868:	00001021 	move	v0,zero
1000086c:	8fb70038 	lw	s7,56(sp)
10000870:	8fb60034 	lw	s6,52(sp)
10000874:	8fb50030 	lw	s5,48(sp)
10000878:	8fb4002c 	lw	s4,44(sp)
1000087c:	8fb30028 	lw	s3,40(sp)
10000880:	8fb20024 	lw	s2,36(sp)
10000884:	8fb10020 	lw	s1,32(sp)
10000888:	8fb0001c 	lw	s0,28(sp)
1000088c:	03e00008 	jr	ra
10000890:	27bd0040 	addiu	sp,sp,64
10000894:	82020001 	lb	v0,1(s0)
10000898:	00000000 	nop
1000089c:	10520030 	beq	v0,s2,10000960 <kprintf+0x184>
100008a0:	28430065 	slti	v1,v0,101
100008a4:	10600009 	beqz	v1,100008cc <kprintf+0xf0>
100008a8:	00000000 	nop
100008ac:	10510043 	beq	v0,s1,100009bc <kprintf+0x1e0>
100008b0:	24030063 	li	v1,99
100008b4:	1043003b 	beq	v0,v1,100009a4 <kprintf+0x1c8>
100008b8:	00000000 	nop
100008bc:	0c0000af 	jal	100002bc <putchar>
100008c0:	2404003f 	li	a0,63
100008c4:	0800020d 	j	10000834 <kprintf+0x58>
100008c8:	26100002 	addiu	s0,s0,2
100008cc:	10530014 	beq	v0,s3,10000920 <kprintf+0x144>
100008d0:	24030078 	li	v1,120
100008d4:	1443fff9 	bne	v0,v1,100008bc <kprintf+0xe0>
100008d8:	00000000 	nop
100008dc:	8ea40000 	lw	a0,0(s5)
100008e0:	00000000 	nop
100008e4:	14800039 	bnez	a0,100009cc <kprintf+0x1f0>
100008e8:	26b50004 	addiu	s5,s5,4
100008ec:	26972c04 	addiu	s7,s4,11268
100008f0:	82e40000 	lb	a0,0(s7)
100008f4:	00000000 	nop
100008f8:	1080fff2 	beqz	a0,100008c4 <kprintf+0xe8>
100008fc:	00000000 	nop
10000900:	0c0000af 	jal	100002bc <putchar>
10000904:	26f70001 	addiu	s7,s7,1
10000908:	82e40000 	lb	a0,0(s7)
1000090c:	00000000 	nop
10000910:	1480fffb 	bnez	a0,10000900 <kprintf+0x124>
10000914:	00000000 	nop
10000918:	0800020d 	j	10000834 <kprintf+0x58>
1000091c:	26100002 	addiu	s0,s0,2
10000920:	8eb70000 	lw	s7,0(s5)
10000924:	00000000 	nop
10000928:	12e00030 	beqz	s7,100009ec <kprintf+0x210>
1000092c:	26b50004 	addiu	s5,s5,4
10000930:	82e40000 	lb	a0,0(s7)
10000934:	00000000 	nop
10000938:	1080ffe2 	beqz	a0,100008c4 <kprintf+0xe8>
1000093c:	26f70001 	addiu	s7,s7,1
10000940:	0c0000af 	jal	100002bc <putchar>
10000944:	26f70001 	addiu	s7,s7,1
10000948:	82e4ffff 	lb	a0,-1(s7)
1000094c:	00000000 	nop
10000950:	1480fffb 	bnez	a0,10000940 <kprintf+0x164>
10000954:	00000000 	nop
10000958:	0800020d 	j	10000834 <kprintf+0x58>
1000095c:	26100002 	addiu	s0,s0,2
10000960:	8ea40000 	lw	a0,0(s5)
10000964:	00000000 	nop
10000968:	1480001c 	bnez	a0,100009dc <kprintf+0x200>
1000096c:	26b50004 	addiu	s5,s5,4
10000970:	26972c04 	addiu	s7,s4,11268
10000974:	82e40000 	lb	a0,0(s7)
10000978:	00000000 	nop
1000097c:	1080ffd1 	beqz	a0,100008c4 <kprintf+0xe8>
10000980:	00000000 	nop
10000984:	0c0000af 	jal	100002bc <putchar>
10000988:	26f70001 	addiu	s7,s7,1
1000098c:	82e40000 	lb	a0,0(s7)
10000990:	00000000 	nop
10000994:	1480fffb 	bnez	a0,10000984 <kprintf+0x1a8>
10000998:	00000000 	nop
1000099c:	0800020d 	j	10000834 <kprintf+0x58>
100009a0:	26100002 	addiu	s0,s0,2
100009a4:	82a40003 	lb	a0,3(s5)
100009a8:	26100002 	addiu	s0,s0,2
100009ac:	0c0000af 	jal	100002bc <putchar>
100009b0:	26b50004 	addiu	s5,s5,4
100009b4:	0800020d 	j	10000834 <kprintf+0x58>
100009b8:	00000000 	nop
100009bc:	0c0000af 	jal	100002bc <putchar>
100009c0:	24040025 	li	a0,37
100009c4:	0800020d 	j	10000834 <kprintf+0x58>
100009c8:	26100002 	addiu	s0,s0,2
100009cc:	0c0001b5 	jal	100006d4 <kitoa.part.0>
100009d0:	24050010 	li	a1,16
100009d4:	0800023c 	j	100008f0 <kprintf+0x114>
100009d8:	0040b821 	move	s7,v0
100009dc:	0c0001b5 	jal	100006d4 <kitoa.part.0>
100009e0:	2405000a 	li	a1,10
100009e4:	0800025d 	j	10000974 <kprintf+0x198>
100009e8:	0040b821 	move	s7,v0
100009ec:	0800024c 	j	10000930 <kprintf+0x154>
100009f0:	26d72c08 	addiu	s7,s6,11272

100009f4 <mark>:
100009f4:	27bdfff8 	addiu	sp,sp,-8
100009f8:	8fa20018 	lw	v0,24(sp)
100009fc:	afb10004 	sw	s1,4(sp)
10000a00:	00e20018 	mult	a3,v0
10000a04:	00001812 	mflo	v1
10000a08:	1860003c 	blez	v1,10000afc <mark+0x108>
10000a0c:	afb00000 	sw	s0,0(sp)
10000a10:	00028023 	negu	s0,v0
10000a14:	24710002 	addiu	s1,v1,2
10000a18:	240d0002 	li	t5,2
10000a1c:	00021880 	sll	v1,v0,0x2
10000a20:	00108080 	sll	s0,s0,0x2
10000a24:	18e00032 	blez	a3,10000af0 <mark+0xfc>
10000a28:	25abffff 	addiu	t3,t5,-1
10000a2c:	00802821 	move	a1,a0
10000a30:	240c0001 	li	t4,1
10000a34:	1840003b 	blez	v0,10000b24 <mark+0x130>
10000a38:	00000000 	nop
10000a3c:	0065c021 	addu	t8,v1,a1
10000a40:	0180c821 	move	t9,t4
10000a44:	03004821 	move	t1,t8
10000a48:	00b04021 	addu	t0,a1,s0
10000a4c:	24060001 	li	a2,1
10000a50:	258fffff 	addiu	t7,t4,-1
10000a54:	0800029d 	j	10000a74 <mark+0x80>
10000a58:	0187702a 	slt	t6,t4,a3
10000a5c:	11400020 	beqz	t2,10000ae0 <mark+0xec>
10000a60:	00000000 	nop
10000a64:	24a50004 	addiu	a1,a1,4
10000a68:	24c60001 	addiu	a2,a2,1
10000a6c:	25290004 	addiu	t1,t1,4
10000a70:	25080004 	addiu	t0,t0,4
10000a74:	8caa0000 	lw	t2,0(a1)
10000a78:	00000000 	nop
10000a7c:	154bfff7 	bne	t2,t3,10000a5c <mark+0x68>
10000a80:	00c2502a 	slt	t2,a2,v0
10000a84:	19e00006 	blez	t7,10000aa0 <mark+0xac>
10000a88:	00000000 	nop
10000a8c:	8d0a0000 	lw	t2,0(t0)
10000a90:	00000000 	nop
10000a94:	15400002 	bnez	t2,10000aa0 <mark+0xac>
10000a98:	00000000 	nop
10000a9c:	ad0d0000 	sw	t5,0(t0)
10000aa0:	11c00006 	beqz	t6,10000abc <mark+0xc8>
10000aa4:	24caffff 	addiu	t2,a2,-1
10000aa8:	8d2a0000 	lw	t2,0(t1)
10000aac:	00000000 	nop
10000ab0:	15400002 	bnez	t2,10000abc <mark+0xc8>
10000ab4:	24caffff 	addiu	t2,a2,-1
10000ab8:	ad2d0000 	sw	t5,0(t1)
10000abc:	19400006 	blez	t2,10000ad8 <mark+0xe4>
10000ac0:	00c2502a 	slt	t2,a2,v0
10000ac4:	8caafffc 	lw	t2,-4(a1)
10000ac8:	00000000 	nop
10000acc:	15400002 	bnez	t2,10000ad8 <mark+0xe4>
10000ad0:	00c2502a 	slt	t2,a2,v0
10000ad4:	acadfffc 	sw	t5,-4(a1)
10000ad8:	1540000c 	bnez	t2,10000b0c <mark+0x118>
10000adc:	00000000 	nop
10000ae0:	0327c82a 	slt	t9,t9,a3
10000ae4:	258c0001 	addiu	t4,t4,1
10000ae8:	1720ffd2 	bnez	t9,10000a34 <mark+0x40>
10000aec:	03002821 	move	a1,t8
10000af0:	25ad0001 	addiu	t5,t5,1
10000af4:	15b1ffcb 	bne	t5,s1,10000a24 <mark+0x30>
10000af8:	00000000 	nop
10000afc:	8fb10004 	lw	s1,4(sp)
10000b00:	8fb00000 	lw	s0,0(sp)
10000b04:	03e00008 	jr	ra
10000b08:	27bd0008 	addiu	sp,sp,8
10000b0c:	8caa0004 	lw	t2,4(a1)
10000b10:	00000000 	nop
10000b14:	1540ffd3 	bnez	t2,10000a64 <mark+0x70>
10000b18:	00000000 	nop
10000b1c:	08000299 	j	10000a64 <mark+0x70>
10000b20:	acad0004 	sw	t5,4(a1)
10000b24:	0180c821 	move	t9,t4
10000b28:	080002b8 	j	10000ae0 <mark+0xec>
10000b2c:	00a3c021 	addu	t8,a1,v1

10000b30 <search>:
10000b30:	27bdffc8 	addiu	sp,sp,-56
10000b34:	afbe0030 	sw	s8,48(sp)
10000b38:	afb40020 	sw	s4,32(sp)
10000b3c:	afb3001c 	sw	s3,28(sp)
10000b40:	3c1e1000 	lui	s8,0x1000
10000b44:	8fb4004c 	lw	s4,76(sp)
10000b48:	8fb30050 	lw	s3,80(sp)
10000b4c:	afb20018 	sw	s2,24(sp)
10000b50:	afb10014 	sw	s1,20(sp)
10000b54:	afb00010 	sw	s0,16(sp)
10000b58:	afbf0034 	sw	ra,52(sp)
10000b5c:	afb7002c 	sw	s7,44(sp)
10000b60:	afb60028 	sw	s6,40(sp)
10000b64:	afb50024 	sw	s5,36(sp)
10000b68:	00809021 	move	s2,a0
10000b6c:	00a08021 	move	s0,a1
10000b70:	00c08821 	move	s1,a2
10000b74:	afa70044 	sw	a3,68(sp)
10000b78:	27de2c18 	addiu	s8,s8,11288
10000b7c:	02130018 	mult	s0,s3
10000b80:	03c02021 	move	a0,s8
10000b84:	02002821 	move	a1,s0
10000b88:	0000b812 	mflo	s7
10000b8c:	02f1b021 	addu	s6,s7,s1
10000b90:	00161080 	sll	v0,s6,0x2
10000b94:	02421021 	addu	v0,s2,v0
10000b98:	8c550000 	lw	s5,0(v0)
10000b9c:	0c0004a4 	jal	10001290 <printf>
10000ba0:	02203021 	move	a2,s1
10000ba4:	1a000022 	blez	s0,10000c30 <search+0x100>
10000ba8:	2602ffff 	addiu	v0,s0,-1
10000bac:	00530018 	mult	v0,s3
10000bb0:	00001812 	mflo	v1
10000bb4:	00711821 	addu	v1,v1,s1
10000bb8:	00031880 	sll	v1,v1,0x2
10000bbc:	02431821 	addu	v1,s2,v1
10000bc0:	8c630000 	lw	v1,0(v1)
10000bc4:	00000000 	nop
10000bc8:	0075202a 	slt	a0,v1,s5
10000bcc:	10800018 	beqz	a0,10000c30 <search+0x100>
10000bd0:	00000000 	nop
10000bd4:	18600016 	blez	v1,10000c30 <search+0x100>
10000bd8:	00000000 	nop
10000bdc:	00408021 	move	s0,v0
10000be0:	2ab50002 	slti	s5,s5,2
10000be4:	12a0ffe6 	beqz	s5,10000b80 <search+0x50>
10000be8:	02130018 	mult	s0,s3
10000bec:	8fa20044 	lw	v0,68(sp)
10000bf0:	00000000 	nop
10000bf4:	1202003a 	beq	s0,v0,10000ce0 <search+0x1b0>
10000bf8:	00000000 	nop
10000bfc:	00001021 	move	v0,zero
10000c00:	8fbf0034 	lw	ra,52(sp)
10000c04:	8fbe0030 	lw	s8,48(sp)
10000c08:	8fb7002c 	lw	s7,44(sp)
10000c0c:	8fb60028 	lw	s6,40(sp)
10000c10:	8fb50024 	lw	s5,36(sp)
10000c14:	8fb40020 	lw	s4,32(sp)
10000c18:	8fb3001c 	lw	s3,28(sp)
10000c1c:	8fb20018 	lw	s2,24(sp)
10000c20:	8fb10014 	lw	s1,20(sp)
10000c24:	8fb00010 	lw	s0,16(sp)
10000c28:	03e00008 	jr	ra
10000c2c:	27bd0038 	addiu	sp,sp,56
10000c30:	26020001 	addiu	v0,s0,1
10000c34:	0054182a 	slt	v1,v0,s4
10000c38:	1060000c 	beqz	v1,10000c6c <search+0x13c>
10000c3c:	02620018 	mult	s3,v0
10000c40:	00001812 	mflo	v1
10000c44:	00711821 	addu	v1,v1,s1
10000c48:	00031880 	sll	v1,v1,0x2
10000c4c:	02431821 	addu	v1,s2,v1
10000c50:	8c630000 	lw	v1,0(v1)
10000c54:	00000000 	nop
10000c58:	0075202a 	slt	a0,v1,s5
10000c5c:	10800003 	beqz	a0,10000c6c <search+0x13c>
10000c60:	00000000 	nop
10000c64:	1c60ffdd 	bgtz	v1,10000bdc <search+0xac>
10000c68:	00000000 	nop
10000c6c:	1a20000c 	blez	s1,10000ca0 <search+0x170>
10000c70:	26d6ffff 	addiu	s6,s6,-1
10000c74:	0016b080 	sll	s6,s6,0x2
10000c78:	0256b021 	addu	s6,s2,s6
10000c7c:	8ec20000 	lw	v0,0(s6)
10000c80:	00000000 	nop
10000c84:	0055182a 	slt	v1,v0,s5
10000c88:	10600005 	beqz	v1,10000ca0 <search+0x170>
10000c8c:	00000000 	nop
10000c90:	18400004 	blez	v0,10000ca4 <search+0x174>
10000c94:	26220001 	addiu	v0,s1,1
10000c98:	080002f8 	j	10000be0 <search+0xb0>
10000c9c:	2631ffff 	addiu	s1,s1,-1
10000ca0:	26220001 	addiu	v0,s1,1
10000ca4:	0053182a 	slt	v1,v0,s3
10000ca8:	1060ffcd 	beqz	v1,10000be0 <search+0xb0>
10000cac:	00000000 	nop
10000cb0:	02e2b821 	addu	s7,s7,v0
10000cb4:	0017b880 	sll	s7,s7,0x2
10000cb8:	0257b821 	addu	s7,s2,s7
10000cbc:	8ee30000 	lw	v1,0(s7)
10000cc0:	00000000 	nop
10000cc4:	0075202a 	slt	a0,v1,s5
10000cc8:	1080ffc5 	beqz	a0,10000be0 <search+0xb0>
10000ccc:	00000000 	nop
10000cd0:	1860ffc3 	blez	v1,10000be0 <search+0xb0>
10000cd4:	00000000 	nop
10000cd8:	080002f8 	j	10000be0 <search+0xb0>
10000cdc:	00408821 	move	s1,v0
10000ce0:	8fa20048 	lw	v0,72(sp)
10000ce4:	00000000 	nop
10000ce8:	02228826 	xor	s1,s1,v0
10000cec:	08000300 	j	10000c00 <search+0xd0>
10000cf0:	2e220001 	sltiu	v0,s1,1

10000cf4 <solve>:
10000cf4:	27bdffc8 	addiu	sp,sp,-56
10000cf8:	afb20020 	sw	s2,32(sp)
10000cfc:	8fb2004c 	lw	s2,76(sp)
10000d00:	afb1001c 	sw	s1,28(sp)
10000d04:	02460018 	mult	s2,a2
10000d08:	8fb10050 	lw	s1,80(sp)
10000d0c:	afb5002c 	sw	s5,44(sp)
10000d10:	afb30024 	sw	s3,36(sp)
10000d14:	afb00018 	sw	s0,24(sp)
10000d18:	00a09821 	move	s3,a1
10000d1c:	00c08021 	move	s0,a2
10000d20:	8fb50048 	lw	s5,72(sp)
10000d24:	24030001 	li	v1,1
10000d28:	afbf0034 	sw	ra,52(sp)
10000d2c:	afb60030 	sw	s6,48(sp)
10000d30:	afb40028 	sw	s4,40(sp)
10000d34:	00001012 	mflo	v0
10000d38:	00511021 	addu	v0,v0,s1
10000d3c:	00021080 	sll	v0,v0,0x2
10000d40:	00821021 	addu	v0,a0,v0
10000d44:	afb00010 	sw	s0,16(sp)
10000d48:	0080a021 	move	s4,a0
10000d4c:	00e0b021 	move	s6,a3
10000d50:	02402821 	move	a1,s2
10000d54:	02203021 	move	a2,s1
10000d58:	02603821 	move	a3,s3
10000d5c:	0c00027d 	jal	100009f4 <mark>
10000d60:	ac430000 	sw	v1,0(v0)
10000d64:	afb10048 	sw	s1,72(sp)
10000d68:	afb3004c 	sw	s3,76(sp)
10000d6c:	afb00050 	sw	s0,80(sp)
10000d70:	02802021 	move	a0,s4
10000d74:	02c02821 	move	a1,s6
10000d78:	02a03021 	move	a2,s5
10000d7c:	02403821 	move	a3,s2
10000d80:	8fbf0034 	lw	ra,52(sp)
10000d84:	8fb60030 	lw	s6,48(sp)
10000d88:	8fb5002c 	lw	s5,44(sp)
10000d8c:	8fb40028 	lw	s4,40(sp)
10000d90:	8fb30024 	lw	s3,36(sp)
10000d94:	8fb20020 	lw	s2,32(sp)
10000d98:	8fb1001c 	lw	s1,28(sp)
10000d9c:	8fb00018 	lw	s0,24(sp)
10000da0:	080002cc 	j	10000b30 <search>
10000da4:	27bd0038 	addiu	sp,sp,56

10000da8 <app_main>:
10000da8:	27bdffc0 	addiu	sp,sp,-64
10000dac:	afb50038 	sw	s5,56(sp)
10000db0:	afb40034 	sw	s4,52(sp)
10000db4:	afb30030 	sw	s3,48(sp)
10000db8:	3c141000 	lui	s4,0x1000
10000dbc:	3c151000 	lui	s5,0x1000
10000dc0:	3c131000 	lui	s3,0x1000
10000dc4:	afb2002c 	sw	s2,44(sp)
10000dc8:	afb10028 	sw	s1,40(sp)
10000dcc:	afb00024 	sw	s0,36(sp)
10000dd0:	afbf003c 	sw	ra,60(sp)
10000dd4:	00001021 	move	v0,zero
10000dd8:	00008821 	move	s1,zero
10000ddc:	00008021 	move	s0,zero
10000de0:	26943400 	addiu	s4,s4,13312
10000de4:	26b52c2c 	addiu	s5,s5,11308
10000de8:	26732c24 	addiu	s3,s3,11300
10000dec:	08000382 	j	10000e08 <app_main+0x60>
10000df0:	2412000f 	li	s2,15
10000df4:	0c0004a4 	jal	10001290 <printf>
10000df8:	26100001 	addiu	s0,s0,1
10000dfc:	26310001 	addiu	s1,s1,1
10000e00:	12120017 	beq	s0,s2,10000e60 <app_main+0xb8>
10000e04:	02001021 	move	v0,s0
10000e08:	00021880 	sll	v1,v0,0x2
10000e0c:	00021140 	sll	v0,v0,0x5
10000e10:	00431023 	subu	v0,v0,v1
10000e14:	02821021 	addu	v0,s4,v0
10000e18:	8c440018 	lw	a0,24(v0)
10000e1c:	8c450000 	lw	a1,0(v0)
10000e20:	8c460004 	lw	a2,4(v0)
10000e24:	8c470008 	lw	a3,8(v0)
10000e28:	8c48000c 	lw	t0,12(v0)
10000e2c:	8c430010 	lw	v1,16(v0)
10000e30:	8c420014 	lw	v0,20(v0)
10000e34:	afa80010 	sw	t0,16(sp)
10000e38:	afa30014 	sw	v1,20(sp)
10000e3c:	0c00033d 	jal	10000cf4 <solve>
10000e40:	afa20018 	sw	v0,24(sp)
10000e44:	1440ffeb 	bnez	v0,10000df4 <app_main+0x4c>
10000e48:	02602021 	move	a0,s3
10000e4c:	02a02021 	move	a0,s5
10000e50:	0c0004a4 	jal	10001290 <printf>
10000e54:	26100001 	addiu	s0,s0,1
10000e58:	1612ffeb 	bne	s0,s2,10000e08 <app_main+0x60>
10000e5c:	02001021 	move	v0,s0
10000e60:	3c041000 	lui	a0,0x1000
10000e64:	02202821 	move	a1,s1
10000e68:	8fbf003c 	lw	ra,60(sp)
10000e6c:	8fb50038 	lw	s5,56(sp)
10000e70:	8fb40034 	lw	s4,52(sp)
10000e74:	8fb30030 	lw	s3,48(sp)
10000e78:	8fb2002c 	lw	s2,44(sp)
10000e7c:	8fb10028 	lw	s1,40(sp)
10000e80:	8fb00024 	lw	s0,36(sp)
10000e84:	24842c38 	addiu	a0,a0,11320
10000e88:	2406000f 	li	a2,15
10000e8c:	080004a4 	j	10001290 <printf>
10000e90:	27bd0040 	addiu	sp,sp,64

10000e94 <printchar>:
10000e94:	10800009 	beqz	a0,10000ebc <printchar+0x28>
10000e98:	00000000 	nop
10000e9c:	8c820000 	lw	v0,0(a0)
10000ea0:	00000000 	nop
10000ea4:	a0450000 	sb	a1,0(v0)
10000ea8:	8c820000 	lw	v0,0(a0)
10000eac:	00000000 	nop
10000eb0:	24420001 	addiu	v0,v0,1
10000eb4:	03e00008 	jr	ra
10000eb8:	ac820000 	sw	v0,0(a0)
10000ebc:	14a00003 	bnez	a1,10000ecc <printchar+0x38>
10000ec0:	00000000 	nop
10000ec4:	03e00008 	jr	ra
10000ec8:	00000000 	nop
10000ecc:	080000af 	j	100002bc <putchar>
10000ed0:	00a02021 	move	a0,a1

10000ed4 <vsprintf>:
10000ed4:	27bdffb8 	addiu	sp,sp,-72
10000ed8:	afbe0040 	sw	s8,64(sp)
10000edc:	afb10024 	sw	s1,36(sp)
10000ee0:	afb00020 	sw	s0,32(sp)
10000ee4:	afbf0044 	sw	ra,68(sp)
10000ee8:	afb7003c 	sw	s7,60(sp)
10000eec:	afb60038 	sw	s6,56(sp)
10000ef0:	afb50034 	sw	s5,52(sp)
10000ef4:	afb40030 	sw	s4,48(sp)
10000ef8:	afb3002c 	sw	s3,44(sp)
10000efc:	afb20028 	sw	s2,40(sp)
10000f00:	00a08821 	move	s1,a1
10000f04:	80a50000 	lb	a1,0(a1)
10000f08:	00808021 	move	s0,a0
10000f0c:	10a00035 	beqz	a1,10000fe4 <vsprintf+0x110>
10000f10:	00c0f021 	move	s8,a2
10000f14:	3c171000 	lui	s7,0x1000
10000f18:	26f72bf0 	addiu	s7,s7,11248
10000f1c:	24020025 	li	v0,37
10000f20:	14a2002a 	bne	a1,v0,10000fcc <vsprintf+0xf8>
10000f24:	24030030 	li	v1,48
10000f28:	82220001 	lb	v0,1(s1)
10000f2c:	00000000 	nop
10000f30:	104300a0 	beq	v0,v1,100011b4 <vsprintf+0x2e0>
10000f34:	24140030 	li	s4,48
10000f38:	26310001 	addiu	s1,s1,1
10000f3c:	24140020 	li	s4,32
10000f40:	2443ffd0 	addiu	v1,v0,-48
10000f44:	306300ff 	andi	v1,v1,0xff
10000f48:	2c63000a 	sltiu	v1,v1,10
10000f4c:	10600094 	beqz	v1,100011a0 <vsprintf+0x2cc>
10000f50:	2403006c 	li	v1,108
10000f54:	00009821 	move	s3,zero
10000f58:	00131840 	sll	v1,s3,0x1
10000f5c:	001398c0 	sll	s3,s3,0x3
10000f60:	00739821 	addu	s3,v1,s3
10000f64:	26310001 	addiu	s1,s1,1
10000f68:	02629821 	addu	s3,s3,v0
10000f6c:	82220000 	lb	v0,0(s1)
10000f70:	00000000 	nop
10000f74:	2443ffd0 	addiu	v1,v0,-48
10000f78:	306300ff 	andi	v1,v1,0xff
10000f7c:	2c63000a 	sltiu	v1,v1,10
10000f80:	1460fff5 	bnez	v1,10000f58 <vsprintf+0x84>
10000f84:	2673ffd0 	addiu	s3,s3,-48
10000f88:	2403006c 	li	v1,108
10000f8c:	10430086 	beq	v0,v1,100011a8 <vsprintf+0x2d4>
10000f90:	00000000 	nop
10000f94:	2442ffa8 	addiu	v0,v0,-88
10000f98:	304200ff 	andi	v0,v0,0xff
10000f9c:	2c430021 	sltiu	v1,v0,33
10000fa0:	1060000c 	beqz	v1,10000fd4 <vsprintf+0x100>
10000fa4:	3c031000 	lui	v1,0x1000
10000fa8:	00021080 	sll	v0,v0,0x2
10000fac:	24632cb8 	addiu	v1,v1,11448
10000fb0:	00621021 	addu	v0,v1,v0
10000fb4:	8c420000 	lw	v0,0(v0)
10000fb8:	00000000 	nop
10000fbc:	00400008 	jr	v0
10000fc0:	00000000 	nop
10000fc4:	83c50003 	lb	a1,3(s8)
10000fc8:	27de0004 	addiu	s8,s8,4
10000fcc:	0c0003a5 	jal	10000e94 <printchar>
10000fd0:	02002021 	move	a0,s0
10000fd4:	82250001 	lb	a1,1(s1)
10000fd8:	00000000 	nop
10000fdc:	14a0ffcf 	bnez	a1,10000f1c <vsprintf+0x48>
10000fe0:	26310001 	addiu	s1,s1,1
10000fe4:	02002021 	move	a0,s0
10000fe8:	0c0003a5 	jal	10000e94 <printchar>
10000fec:	00002821 	move	a1,zero
10000ff0:	8fbf0044 	lw	ra,68(sp)
10000ff4:	00001021 	move	v0,zero
10000ff8:	8fbe0040 	lw	s8,64(sp)
10000ffc:	8fb7003c 	lw	s7,60(sp)
10001000:	8fb60038 	lw	s6,56(sp)
10001004:	8fb50034 	lw	s5,52(sp)
10001008:	8fb40030 	lw	s4,48(sp)
1000100c:	8fb3002c 	lw	s3,44(sp)
10001010:	8fb20028 	lw	s2,40(sp)
10001014:	8fb10024 	lw	s1,36(sp)
10001018:	8fb00020 	lw	s0,32(sp)
1000101c:	03e00008 	jr	ra
10001020:	27bd0048 	addiu	sp,sp,72
10001024:	2403000a 	li	v1,10
10001028:	8fd20000 	lw	s2,0(s8)
1000102c:	00000000 	nop
10001030:	1640004b 	bnez	s2,10001160 <vsprintf+0x28c>
10001034:	27d50004 	addiu	s5,s8,4
10001038:	24020030 	li	v0,48
1000103c:	a3a20010 	sb	v0,16(sp)
10001040:	02a0f021 	move	s8,s5
10001044:	00009021 	move	s2,zero
10001048:	24020001 	li	v0,1
1000104c:	27b60010 	addiu	s6,sp,16
10001050:	02629823 	subu	s3,s3,v0
10001054:	1a600008 	blez	s3,10001078 <vsprintf+0x1a4>
10001058:	2673ffff 	addiu	s3,s3,-1
1000105c:	2415ffff 	li	s5,-1
10001060:	2673ffff 	addiu	s3,s3,-1
10001064:	02002021 	move	a0,s0
10001068:	0c0003a5 	jal	10000e94 <printchar>
1000106c:	02802821 	move	a1,s4
10001070:	1675fffc 	bne	s3,s5,10001064 <vsprintf+0x190>
10001074:	2673ffff 	addiu	s3,s3,-1
10001078:	24130001 	li	s3,1
1000107c:	02d29021 	addu	s2,s6,s2
10001080:	02769823 	subu	s3,s3,s6
10001084:	82450000 	lb	a1,0(s2)
10001088:	02002021 	move	a0,s0
1000108c:	0c0003a5 	jal	10000e94 <printchar>
10001090:	2652ffff 	addiu	s2,s2,-1
10001094:	02721021 	addu	v0,s3,s2
10001098:	1c40fffa 	bgtz	v0,10001084 <vsprintf+0x1b0>
1000109c:	00000000 	nop
100010a0:	82250001 	lb	a1,1(s1)
100010a4:	00000000 	nop
100010a8:	14a0ff9c 	bnez	a1,10000f1c <vsprintf+0x48>
100010ac:	26310001 	addiu	s1,s1,1
100010b0:	080003fa 	j	10000fe8 <vsprintf+0x114>
100010b4:	02002021 	move	a0,s0
100010b8:	8fd20000 	lw	s2,0(s8)
100010bc:	00000000 	nop
100010c0:	12400047 	beqz	s2,100011e0 <vsprintf+0x30c>
100010c4:	27de0004 	addiu	s8,s8,4
100010c8:	82450000 	lb	a1,0(s2)
100010cc:	00000000 	nop
100010d0:	10a0000d 	beqz	a1,10001108 <vsprintf+0x234>
100010d4:	00000000 	nop
100010d8:	1260ffbe 	beqz	s3,10000fd4 <vsprintf+0x100>
100010dc:	26520001 	addiu	s2,s2,1
100010e0:	0800043c 	j	100010f0 <vsprintf+0x21c>
100010e4:	00000000 	nop
100010e8:	1260ffba 	beqz	s3,10000fd4 <vsprintf+0x100>
100010ec:	26520001 	addiu	s2,s2,1
100010f0:	0c0003a5 	jal	10000e94 <printchar>
100010f4:	02002021 	move	a0,s0
100010f8:	82450000 	lb	a1,0(s2)
100010fc:	00000000 	nop
10001100:	14a0fff9 	bnez	a1,100010e8 <vsprintf+0x214>
10001104:	2673ffff 	addiu	s3,s3,-1
10001108:	1a60ffb2 	blez	s3,10000fd4 <vsprintf+0x100>
1000110c:	2673ffff 	addiu	s3,s3,-1
10001110:	2412ffff 	li	s2,-1
10001114:	2673ffff 	addiu	s3,s3,-1
10001118:	02002021 	move	a0,s0
1000111c:	0c0003a5 	jal	10000e94 <printchar>
10001120:	02802821 	move	a1,s4
10001124:	1672fffc 	bne	s3,s2,10001118 <vsprintf+0x244>
10001128:	2673ffff 	addiu	s3,s3,-1
1000112c:	26730001 	addiu	s3,s3,1
10001130:	82250001 	lb	a1,1(s1)
10001134:	00000000 	nop
10001138:	14a0ff78 	bnez	a1,10000f1c <vsprintf+0x48>
1000113c:	26310001 	addiu	s1,s1,1
10001140:	080003fa 	j	10000fe8 <vsprintf+0x114>
10001144:	02002021 	move	a0,s0
10001148:	8fd20000 	lw	s2,0(s8)
1000114c:	00000000 	nop
10001150:	0640001b 	bltz	s2,100011c0 <vsprintf+0x2ec>
10001154:	27d50004 	addiu	s5,s8,4
10001158:	1240ffb7 	beqz	s2,10001038 <vsprintf+0x164>
1000115c:	2403000a 	li	v1,10
10001160:	02a0f021 	move	s8,s5
10001164:	00001021 	move	v0,zero
10001168:	27b60010 	addiu	s6,sp,16
1000116c:	0243001b 	divu	zero,s2,v1
10001170:	02c22821 	addu	a1,s6,v0
10001174:	24420001 	addiu	v0,v0,1
10001178:	00002010 	mfhi	a0
1000117c:	02e42021 	addu	a0,s7,a0
10001180:	90840000 	lbu	a0,0(a0)
10001184:	00009012 	mflo	s2
10001188:	1640fff8 	bnez	s2,1000116c <vsprintf+0x298>
1000118c:	a0a40000 	sb	a0,0(a1)
10001190:	08000414 	j	10001050 <vsprintf+0x17c>
10001194:	2452ffff 	addiu	s2,v0,-1
10001198:	0800040a 	j	10001028 <vsprintf+0x154>
1000119c:	24030010 	li	v1,16
100011a0:	1443ff7c 	bne	v0,v1,10000f94 <vsprintf+0xc0>
100011a4:	2413ffff 	li	s3,-1
100011a8:	82220001 	lb	v0,1(s1)
100011ac:	080003e5 	j	10000f94 <vsprintf+0xc0>
100011b0:	26310001 	addiu	s1,s1,1
100011b4:	82220002 	lb	v0,2(s1)
100011b8:	080003d0 	j	10000f40 <vsprintf+0x6c>
100011bc:	26310002 	addiu	s1,s1,2
100011c0:	02002021 	move	a0,s0
100011c4:	0c0003a5 	jal	10000e94 <printchar>
100011c8:	2405002d 	li	a1,45
100011cc:	00129023 	negu	s2,s2
100011d0:	2673ffff 	addiu	s3,s3,-1
100011d4:	02a0f021 	move	s8,s5
100011d8:	08000459 	j	10001164 <vsprintf+0x290>
100011dc:	2403000a 	li	v1,10
100011e0:	3c021000 	lui	v0,0x1000
100011e4:	08000432 	j	100010c8 <vsprintf+0x1f4>
100011e8:	24522c54 	addiu	s2,v0,11348

100011ec <strncpy>:
100011ec:	18c0000f 	blez	a2,1000122c <strncpy+0x40>
100011f0:	00801021 	move	v0,a0
100011f4:	80a40000 	lb	a0,0(a1)
100011f8:	24430001 	addiu	v1,v0,1
100011fc:	10800018 	beqz	a0,10001260 <strncpy+0x74>
10001200:	a0440000 	sb	a0,0(v0)
10001204:	08000488 	j	10001220 <strncpy+0x34>
10001208:	00002021 	move	a0,zero
1000120c:	80e70000 	lb	a3,0(a3)
10001210:	00000000 	nop
10001214:	a0670000 	sb	a3,0(v1)
10001218:	10e00006 	beqz	a3,10001234 <strncpy+0x48>
1000121c:	24630001 	addiu	v1,v1,1
10001220:	24840001 	addiu	a0,a0,1
10001224:	1486fff9 	bne	a0,a2,1000120c <strncpy+0x20>
10001228:	00a43821 	addu	a3,a1,a0
1000122c:	03e00008 	jr	ra
10001230:	00000000 	nop
10001234:	24840001 	addiu	a0,a0,1
10001238:	0086282a 	slt	a1,a0,a2
1000123c:	10a0fffb 	beqz	a1,1000122c <strncpy+0x40>
10001240:	00663021 	addu	a2,v1,a2
10001244:	00c42023 	subu	a0,a2,a0
10001248:	a0600000 	sb	zero,0(v1)
1000124c:	24630001 	addiu	v1,v1,1
10001250:	1464fffd 	bne	v1,a0,10001248 <strncpy+0x5c>
10001254:	00000000 	nop
10001258:	03e00008 	jr	ra
1000125c:	00000000 	nop
10001260:	0800048e 	j	10001238 <strncpy+0x4c>
10001264:	24040001 	li	a0,1

10001268 <memset>:
10001268:	10c00007 	beqz	a2,10001288 <memset+0x20>
1000126c:	00801021 	move	v0,a0
10001270:	30a500ff 	andi	a1,a1,0xff
10001274:	00801821 	move	v1,a0
10001278:	24c6ffff 	addiu	a2,a2,-1
1000127c:	a0650000 	sb	a1,0(v1)
10001280:	14c0fffd 	bnez	a2,10001278 <memset+0x10>
10001284:	24630001 	addiu	v1,v1,1
10001288:	03e00008 	jr	ra
1000128c:	00000000 	nop

10001290 <printf>:
10001290:	27bdffe0 	addiu	sp,sp,-32
10001294:	27a20024 	addiu	v0,sp,36
10001298:	00801821 	move	v1,a0
1000129c:	afa50024 	sw	a1,36(sp)
100012a0:	afa60028 	sw	a2,40(sp)
100012a4:	00002021 	move	a0,zero
100012a8:	00602821 	move	a1,v1
100012ac:	00403021 	move	a2,v0
100012b0:	afbf001c 	sw	ra,28(sp)
100012b4:	afa7002c 	sw	a3,44(sp)
100012b8:	0c0003b5 	jal	10000ed4 <vsprintf>
100012bc:	afa20010 	sw	v0,16(sp)
100012c0:	8fbf001c 	lw	ra,28(sp)
100012c4:	00000000 	nop
100012c8:	03e00008 	jr	ra
100012cc:	27bd0020 	addiu	sp,sp,32

100012d0 <__udivmoddi4>:
100012d0:	27bdfff8 	addiu	sp,sp,-8
100012d4:	00c71025 	or	v0,a2,a3
100012d8:	afb10004 	sw	s1,4(sp)
100012dc:	afb00000 	sw	s0,0(sp)
100012e0:	8fb80018 	lw	t8,24(sp)
100012e4:	10400035 	beqz	v0,100013bc <__udivmoddi4+0xec>
100012e8:	24090001 	li	t1,1
100012ec:	04c0000e 	bltz	a2,10001328 <__udivmoddi4+0x58>
100012f0:	00004021 	move	t0,zero
100012f4:	00075fc2 	srl	t3,a3,0x1f
100012f8:	00063040 	sll	a2,a2,0x1
100012fc:	000957c2 	srl	t2,t1,0x1f
10001300:	00081840 	sll	v1,t0,0x1
10001304:	00091040 	sll	v0,t1,0x1
10001308:	01663025 	or	a2,t3,a2
1000130c:	01434025 	or	t0,t2,v1
10001310:	00073840 	sll	a3,a3,0x1
10001314:	04c1fff7 	bgez	a2,100012f4 <__udivmoddi4+0x24>
10001318:	00404821 	move	t1,v0
1000131c:	00481025 	or	v0,v0,t0
10001320:	1040002c 	beqz	v0,100013d4 <__udivmoddi4+0x104>
10001324:	00001821 	move	v1,zero
10001328:	00001821 	move	v1,zero
1000132c:	00001021 	move	v0,zero
10001330:	0086782b 	sltu	t7,a0,a2
10001334:	00087042 	srl	t6,t0,0x1
10001338:	00086fc0 	sll	t5,t0,0x1f
1000133c:	00095042 	srl	t2,t1,0x1
10001340:	000667c0 	sll	t4,a2,0x1f
10001344:	15e0000f 	bnez	t7,10001384 <__udivmoddi4+0xb4>
10001348:	00075842 	srl	t3,a3,0x1
1000134c:	00a77823 	subu	t7,a1,a3
10001350:	00694821 	addu	t1,v1,t1
10001354:	00484021 	addu	t0,v0,t0
10001358:	0123882b 	sltu	s1,t1,v1
1000135c:	00afc82b 	sltu	t9,a1,t7
10001360:	00868023 	subu	s0,a0,a2
10001364:	14c40003 	bne	a2,a0,10001374 <__udivmoddi4+0xa4>
10001368:	00a7382b 	sltu	a3,a1,a3
1000136c:	14e00005 	bnez	a3,10001384 <__udivmoddi4+0xb4>
10001370:	00000000 	nop
10001374:	02281021 	addu	v0,s1,t0
10001378:	02192023 	subu	a0,s0,t9
1000137c:	01e02821 	move	a1,t7
10001380:	01201821 	move	v1,t1
10001384:	01aa4825 	or	t1,t5,t2
10001388:	01c95025 	or	t2,t6,t1
1000138c:	01c04021 	move	t0,t6
10001390:	00063042 	srl	a2,a2,0x1
10001394:	1540ffe6 	bnez	t2,10001330 <__udivmoddi4+0x60>
10001398:	018b3825 	or	a3,t4,t3
1000139c:	13000003 	beqz	t8,100013ac <__udivmoddi4+0xdc>
100013a0:	00000000 	nop
100013a4:	af040000 	sw	a0,0(t8)
100013a8:	af050004 	sw	a1,4(t8)
100013ac:	8fb10004 	lw	s1,4(sp)
100013b0:	8fb00000 	lw	s0,0(sp)
100013b4:	03e00008 	jr	ra
100013b8:	27bd0008 	addiu	sp,sp,8
100013bc:	24030001 	li	v1,1
100013c0:	00001021 	move	v0,zero
100013c4:	8fb10004 	lw	s1,4(sp)
100013c8:	8fb00000 	lw	s0,0(sp)
100013cc:	03e00008 	jr	ra
100013d0:	27bd0008 	addiu	sp,sp,8
100013d4:	080004e7 	j	1000139c <__udivmoddi4+0xcc>
100013d8:	00001021 	move	v0,zero

100013dc <__udivdi3>:
100013dc:	27bdffe0 	addiu	sp,sp,-32
100013e0:	afbf001c 	sw	ra,28(sp)
100013e4:	0c0004b4 	jal	100012d0 <__udivmoddi4>
100013e8:	afa00010 	sw	zero,16(sp)
100013ec:	8fbf001c 	lw	ra,28(sp)
100013f0:	00000000 	nop
100013f4:	03e00008 	jr	ra
100013f8:	27bd0020 	addiu	sp,sp,32

100013fc <main>:
100013fc:	27bdffd0 	addiu	sp,sp,-48
10001400:	afbf002c 	sw	ra,44(sp)
10001404:	afb40028 	sw	s4,40(sp)
10001408:	afb30024 	sw	s3,36(sp)
1000140c:	afb20020 	sw	s2,32(sp)
10001410:	afb1001c 	sw	s1,28(sp)
10001414:	0c0000b3 	jal	100002cc <_hardware_init>
10001418:	afb00018 	sw	s0,24(sp)
1000141c:	0c0007b4 	jal	10001ed0 <hf_schedlock>
10001420:	24040001 	li	a0,1
10001424:	0c00007b 	jal	100001ec <_interrupt_set>
10001428:	00002021 	move	a0,zero
1000142c:	3c041000 	lui	a0,0x1000
10001430:	0c0001f7 	jal	100007dc <kprintf>
10001434:	24842d3c 	addiu	a0,a0,11580
10001438:	3c021001 	lui	v0,0x1001
1000143c:	3c03baad 	lui	v1,0xbaad
10001440:	8c440678 	lw	a0,1656(v0)
10001444:	3463d00d 	ori	v1,v1,0xd00d
10001448:	1083000c 	beq	a0,v1,1000147c <main+0x80>
1000144c:	3c041000 	lui	a0,0x1000
10001450:	0c00074a 	jal	10001d28 <panic>
10001454:	24040001 	li	a0,1
10001458:	8fbf002c 	lw	ra,44(sp)
1000145c:	00001021 	move	v0,zero
10001460:	8fb40028 	lw	s4,40(sp)
10001464:	8fb30024 	lw	s3,36(sp)
10001468:	8fb20020 	lw	s2,32(sp)
1000146c:	8fb1001c 	lw	s1,28(sp)
10001470:	8fb00018 	lw	s0,24(sp)
10001474:	03e00008 	jr	ra
10001478:	27bd0030 	addiu	sp,sp,48
1000147c:	24842d50 	addiu	a0,a0,11600
10001480:	0c0001f7 	jal	100007dc <kprintf>
10001484:	ac400678 	sw	zero,1656(v0)
10001488:	3c061000 	lui	a2,0x1000
1000148c:	3c071000 	lui	a3,0x1000
10001490:	3c051000 	lui	a1,0x1000
10001494:	3c041000 	lui	a0,0x1000
10001498:	3c021000 	lui	v0,0x1000
1000149c:	24c62dbc 	addiu	a2,a2,11708
100014a0:	24e72dc4 	addiu	a3,a3,11716
100014a4:	24a52db0 	addiu	a1,a1,11696
100014a8:	24842d90 	addiu	a0,a0,11664
100014ac:	24422dd0 	addiu	v0,v0,11728
100014b0:	0c0001f7 	jal	100007dc <kprintf>
100014b4:	afa20010 	sw	v0,16(sp)
100014b8:	3c041000 	lui	a0,0x1000
100014bc:	0c0001f7 	jal	100007dc <kprintf>
100014c0:	24842ddc 	addiu	a0,a0,11740
100014c4:	3c041000 	lui	a0,0x1000
100014c8:	0c0001f7 	jal	100007dc <kprintf>
100014cc:	24842e14 	addiu	a0,a0,11796
100014d0:	3c041000 	lui	a0,0x1000
100014d4:	3c051000 	lui	a1,0x1000
100014d8:	24842e54 	addiu	a0,a0,11860
100014dc:	0c0001f7 	jal	100007dc <kprintf>
100014e0:	24a52e68 	addiu	a1,a1,11880
100014e4:	3c041000 	lui	a0,0x1000
100014e8:	24842e74 	addiu	a0,a0,11892
100014ec:	0c0001f7 	jal	100007dc <kprintf>
100014f0:	240561a8 	li	a1,25000
100014f4:	3c041000 	lui	a0,0x1000
100014f8:	24842e8c 	addiu	a0,a0,11916
100014fc:	0c0001f7 	jal	100007dc <kprintf>
10001500:	240528f0 	li	a1,10480
10001504:	3c041000 	lui	a0,0x1000
10001508:	3c050007 	lui	a1,0x7
1000150c:	24842ea4 	addiu	a0,a0,11940
10001510:	0c0001f7 	jal	100007dc <kprintf>
10001514:	34a5a120 	ori	a1,a1,0xa120
10001518:	3c041000 	lui	a0,0x1000
1000151c:	24842ec0 	addiu	a0,a0,11968
10001520:	2405001e 	li	a1,30
10001524:	0c0001f7 	jal	100007dc <kprintf>
10001528:	3c141001 	lui	s4,0x1001
1000152c:	0c0000c1 	jal	10000304 <_vm_init>
10001530:	00008021 	move	s0,zero
10001534:	2694073c 	addiu	s4,s4,1852
10001538:	3c111009 	lui	s1,0x1009
1000153c:	2413ffff 	li	s3,-1
10001540:	2412001e 	li	s2,30
10001544:	00101880 	sll	v1,s0,0x2
10001548:	00101100 	sll	v0,s0,0x4
1000154c:	00621021 	addu	v0,v1,v0
10001550:	00501023 	subu	v0,v0,s0
10001554:	000210c0 	sll	v0,v0,0x3
10001558:	02821021 	addu	v0,s4,v0
1000155c:	24440002 	addiu	a0,v0,2
10001560:	00002821 	move	a1,zero
10001564:	24060014 	li	a2,20
10001568:	a4530000 	sh	s3,0(v0)
1000156c:	0c00049a 	jal	10001268 <memset>
10001570:	ae22bafc 	sw	v0,-17668(s1)
10001574:	8e22bafc 	lw	v0,-17668(s1)
10001578:	26100001 	addiu	s0,s0,1
1000157c:	a0400016 	sb	zero,22(v0)
10001580:	a0400017 	sb	zero,23(v0)
10001584:	a0400018 	sb	zero,24(v0)
10001588:	ac40001c 	sw	zero,28(v0)
1000158c:	ac400020 	sw	zero,32(v0)
10001590:	ac400024 	sw	zero,36(v0)
10001594:	ac400028 	sw	zero,40(v0)
10001598:	a440002c 	sh	zero,44(v0)
1000159c:	a440002e 	sh	zero,46(v0)
100015a0:	a4400030 	sh	zero,48(v0)
100015a4:	a4400032 	sh	zero,50(v0)
100015a8:	a4400034 	sh	zero,52(v0)
100015ac:	ac400088 	sw	zero,136(v0)
100015b0:	ac40008c 	sw	zero,140(v0)
100015b4:	ac400090 	sw	zero,144(v0)
100015b8:	1612ffe2 	bne	s0,s2,10001544 <main+0x148>
100015bc:	ac400094 	sw	zero,148(v0)
100015c0:	3c051009 	lui	a1,0x1009
100015c4:	a4a0bb04 	sh	zero,-17660(a1)
100015c8:	3c051009 	lui	a1,0x1009
100015cc:	a4a0baf8 	sh	zero,-17672(a1)
100015d0:	3c051009 	lui	a1,0x1009
100015d4:	a4a0bb14 	sh	zero,-17644(a1)
100015d8:	3c051000 	lui	a1,0x1000
100015dc:	3c031009 	lui	v1,0x1009
100015e0:	24a525dc 	addiu	a1,a1,9692
100015e4:	2462ba2c 	addiu	v0,v1,-17876
100015e8:	ac65ba2c 	sw	a1,-17876(v1)
100015ec:	3c031000 	lui	v1,0x1000
100015f0:	24632484 	addiu	v1,v1,9348
100015f4:	ac430004 	sw	v1,4(v0)
100015f8:	2404001e 	li	a0,30
100015fc:	ac400008 	sw	zero,8(v0)
10001600:	ac40000c 	sw	zero,12(v0)
10001604:	ac400010 	sw	zero,16(v0)
10001608:	0c0007b8 	jal	10001ee0 <hf_queue_create>
1000160c:	ac400014 	sw	zero,20(v0)
10001610:	3c031009 	lui	v1,0x1009
10001614:	1040001f 	beqz	v0,10001694 <main+0x298>
10001618:	ac62bb0c 	sw	v0,-17652(v1)
1000161c:	0c0007b8 	jal	10001ee0 <hf_queue_create>
10001620:	2404001e 	li	a0,30
10001624:	3c031009 	lui	v1,0x1009
10001628:	1040001e 	beqz	v0,100016a4 <main+0x2a8>
1000162c:	ac62bb18 	sw	v0,-17640(v1)
10001630:	0c0007b8 	jal	10001ee0 <hf_queue_create>
10001634:	2404001e 	li	a0,30
10001638:	3c031009 	lui	v1,0x1009
1000163c:	10400011 	beqz	v0,10001684 <main+0x288>
10001640:	ac62bb10 	sw	v0,-17648(v1)
10001644:	0c0000cd 	jal	10000334 <_sched_init>
10001648:	00000000 	nop
1000164c:	0c0000d0 	jal	10000340 <_timer_init>
10001650:	00000000 	nop
10001654:	0c000162 	jal	10000588 <_timer_reset>
10001658:	00000000 	nop
1000165c:	0c0000e5 	jal	10000394 <_irq_init>
10001660:	00000000 	nop
10001664:	0c0000e8 	jal	100003a0 <_device_init>
10001668:	00000000 	nop
1000166c:	0c0000f0 	jal	100003c0 <_task_init>
10001670:	00000000 	nop
10001674:	0c00074a 	jal	10001d28 <panic>
10001678:	00002021 	move	a0,zero
1000167c:	08000516 	j	10001458 <main+0x5c>
10001680:	00000000 	nop
10001684:	0c00074a 	jal	10001d28 <panic>
10001688:	24040004 	li	a0,4
1000168c:	08000591 	j	10001644 <main+0x248>
10001690:	00000000 	nop
10001694:	0c00074a 	jal	10001d28 <panic>
10001698:	24040004 	li	a0,4
1000169c:	08000587 	j	1000161c <main+0x220>
100016a0:	00000000 	nop
100016a4:	0c00074a 	jal	10001d28 <panic>
100016a8:	24040004 	li	a0,4
100016ac:	0800058c 	j	10001630 <main+0x234>
100016b0:	00000000 	nop

100016b4 <hf_free>:
100016b4:	27bdffe0 	addiu	sp,sp,-32
100016b8:	afb00014 	sw	s0,20(sp)
100016bc:	3c101001 	lui	s0,0x1001
100016c0:	afb10018 	sw	s1,24(sp)
100016c4:	00808821 	move	s1,a0
100016c8:	afbf001c 	sw	ra,28(sp)
100016cc:	0c000631 	jal	100018c4 <hf_mtxlock>
100016d0:	26040738 	addiu	a0,s0,1848
100016d4:	8e25fffc 	lw	a1,-4(s1)
100016d8:	3c021009 	lui	v0,0x1009
100016dc:	8c43bb08 	lw	v1,-17656(v0)
100016e0:	2404fffe 	li	a0,-2
100016e4:	00a42024 	and	a0,a1,a0
100016e8:	3c051009 	lui	a1,0x1009
100016ec:	8ca6bb20 	lw	a2,-17632(a1)
100016f0:	24630008 	addiu	v1,v1,8
100016f4:	ae24fffc 	sw	a0,-4(s1)
100016f8:	00641821 	addu	v1,v1,a0
100016fc:	3c051009 	lui	a1,0x1009
10001700:	26040738 	addiu	a0,s0,1848
10001704:	8fbf001c 	lw	ra,28(sp)
10001708:	8fb10018 	lw	s1,24(sp)
1000170c:	8fb00014 	lw	s0,20(sp)
10001710:	27bd0020 	addiu	sp,sp,32
10001714:	aca6bb1c 	sw	a2,-17636(a1)
10001718:	0800064a 	j	10001928 <hf_mtxunlock>
1000171c:	ac43bb08 	sw	v1,-17656(v0)

10001720 <hf_malloc>:
10001720:	27bdffe0 	addiu	sp,sp,-32
10001724:	afb20018 	sw	s2,24(sp)
10001728:	3c121001 	lui	s2,0x1001
1000172c:	afb10014 	sw	s1,20(sp)
10001730:	2402fffc 	li	v0,-4
10001734:	24910003 	addiu	s1,a0,3
10001738:	26440738 	addiu	a0,s2,1848
1000173c:	afb00010 	sw	s0,16(sp)
10001740:	afbf001c 	sw	ra,28(sp)
10001744:	0c000631 	jal	100018c4 <hf_mtxlock>
10001748:	02228824 	and	s1,s1,v0
1000174c:	3c071009 	lui	a3,0x1009
10001750:	8ce3bb1c 	lw	v1,-17636(a3)
10001754:	2406fff8 	li	a2,-8
10001758:	00608021 	move	s0,v1
1000175c:	26250008 	addiu	a1,s1,8
10001760:	8c640000 	lw	a0,0(v1)
10001764:	00000000 	nop
10001768:	1080003a 	beqz	a0,10001854 <hf_malloc+0x134>
1000176c:	00000000 	nop
10001770:	8c620004 	lw	v0,4(v1)
10001774:	00000000 	nop
10001778:	30420001 	andi	v0,v0,0x1
1000177c:	1040000a 	beqz	v0,100017a8 <hf_malloc+0x88>
10001780:	00000000 	nop
10001784:	080005e5 	j	10001794 <hf_malloc+0x74>
10001788:	00801821 	move	v1,a0
1000178c:	8c630000 	lw	v1,0(v1)
10001790:	00000000 	nop
10001794:	8c620004 	lw	v0,4(v1)
10001798:	00000000 	nop
1000179c:	30420001 	andi	v0,v0,0x1
100017a0:	1440fffa 	bnez	v0,1000178c <hf_malloc+0x6c>
100017a4:	00608021 	move	s0,v1
100017a8:	1440000b 	bnez	v0,100017d8 <hf_malloc+0xb8>
100017ac:	00d01023 	subu	v0,a2,s0
100017b0:	8c640000 	lw	a0,0(v1)
100017b4:	00000000 	nop
100017b8:	10800007 	beqz	a0,100017d8 <hf_malloc+0xb8>
100017bc:	00d01023 	subu	v0,a2,s0
100017c0:	8c820004 	lw	v0,4(a0)
100017c4:	00000000 	nop
100017c8:	30420001 	andi	v0,v0,0x1
100017cc:	1040fff8 	beqz	v0,100017b0 <hf_malloc+0x90>
100017d0:	00801821 	move	v1,a0
100017d4:	00d01023 	subu	v0,a2,s0
100017d8:	00621021 	addu	v0,v1,v0
100017dc:	0045202b 	sltu	a0,v0,a1
100017e0:	ae020004 	sw	v0,4(s0)
100017e4:	1480ffde 	bnez	a0,10001760 <hf_malloc+0x40>
100017e8:	ae030000 	sw	v1,0(s0)
100017ec:	3c021009 	lui	v0,0x1009
100017f0:	8c48bb08 	lw	t0,-17656(v0)
100017f4:	36240001 	ori	a0,s1,0x1
100017f8:	2409fff8 	li	t1,-8
100017fc:	2406fffe 	li	a2,-2
10001800:	01314823 	subu	t1,t1,s1
10001804:	00863024 	and	a2,a0,a2
10001808:	02052821 	addu	a1,s0,a1
1000180c:	01263021 	addu	a2,t1,a2
10001810:	2508fff8 	addiu	t0,t0,-8
10001814:	acf0bb1c 	sw	s0,-17636(a3)
10001818:	ae040004 	sw	a0,4(s0)
1000181c:	ae050000 	sw	a1,0(s0)
10001820:	01118823 	subu	s1,t0,s1
10001824:	aca30000 	sw	v1,0(a1)
10001828:	aca60004 	sw	a2,4(a1)
1000182c:	26440738 	addiu	a0,s2,1848
10001830:	0c00064a 	jal	10001928 <hf_mtxunlock>
10001834:	ac51bb08 	sw	s1,-17656(v0)
10001838:	26020008 	addiu	v0,s0,8
1000183c:	8fbf001c 	lw	ra,28(sp)
10001840:	8fb20018 	lw	s2,24(sp)
10001844:	8fb10014 	lw	s1,20(sp)
10001848:	8fb00010 	lw	s0,16(sp)
1000184c:	03e00008 	jr	ra
10001850:	27bd0020 	addiu	sp,sp,32
10001854:	0c00064a 	jal	10001928 <hf_mtxunlock>
10001858:	26440738 	addiu	a0,s2,1848
1000185c:	0800060f 	j	1000183c <hf_malloc+0x11c>
10001860:	00001021 	move	v0,zero

10001864 <heapinit>:
10001864:	00801021 	move	v0,a0
10001868:	2403fffc 	li	v1,-4
1000186c:	24a40003 	addiu	a0,a1,3
10001870:	00831824 	and	v1,a0,v1
10001874:	00452821 	addu	a1,v0,a1
10001878:	24a4fff8 	addiu	a0,a1,-8
1000187c:	2463fff0 	addiu	v1,v1,-16
10001880:	ac440000 	sw	a0,0(v0)
10001884:	ac430004 	sw	v1,4(v0)
10001888:	aca0fff8 	sw	zero,-8(a1)
1000188c:	aca0fffc 	sw	zero,-4(a1)
10001890:	3c051009 	lui	a1,0x1009
10001894:	8c430004 	lw	v1,4(v0)
10001898:	aca2bb20 	sw	v0,-17632(a1)
1000189c:	3c041001 	lui	a0,0x1001
100018a0:	3c051009 	lui	a1,0x1009
100018a4:	aca2bb1c 	sw	v0,-17636(a1)
100018a8:	24840738 	addiu	a0,a0,1848
100018ac:	3c021009 	lui	v0,0x1009
100018b0:	0800062e 	j	100018b8 <hf_mtxinit>
100018b4:	ac43bb08 	sw	v1,-17656(v0)

100018b8 <hf_mtxinit>:
100018b8:	ac800000 	sw	zero,0(a0)
100018bc:	03e00008 	jr	ra
100018c0:	00000000 	nop

100018c4 <hf_mtxlock>:
100018c4:	27bdffd8 	addiu	sp,sp,-40
100018c8:	afb10020 	sw	s1,32(sp)
100018cc:	afb0001c 	sw	s0,28(sp)
100018d0:	afbf0024 	sw	ra,36(sp)
100018d4:	00808821 	move	s1,a0
100018d8:	24100001 	li	s0,1
100018dc:	0c00007b 	jal	100001ec <_interrupt_set>
100018e0:	00002021 	move	a0,zero
100018e4:	afa20014 	sw	v0,20(sp)
100018e8:	8e220000 	lw	v0,0(s1)
100018ec:	00000000 	nop
100018f0:	afa20010 	sw	v0,16(sp)
100018f4:	ae300000 	sw	s0,0(s1)
100018f8:	8fa40014 	lw	a0,20(sp)
100018fc:	0c00007b 	jal	100001ec <_interrupt_set>
10001900:	00000000 	nop
10001904:	8fa20010 	lw	v0,16(sp)
10001908:	00000000 	nop
1000190c:	1050fff3 	beq	v0,s0,100018dc <hf_mtxlock+0x18>
10001910:	00000000 	nop
10001914:	8fbf0024 	lw	ra,36(sp)
10001918:	8fb10020 	lw	s1,32(sp)
1000191c:	8fb0001c 	lw	s0,28(sp)
10001920:	03e00008 	jr	ra
10001924:	27bd0028 	addiu	sp,sp,40

10001928 <hf_mtxunlock>:
10001928:	ac800000 	sw	zero,0(a0)
1000192c:	03e00008 	jr	ra
10001930:	00000000 	nop

10001934 <_ni_status>:
10001934:	3c022000 	lui	v0,0x2000
10001938:	8c420090 	lw	v0,144(v0)
1000193c:	03e00008 	jr	ra
10001940:	3042ffff 	andi	v0,v0,0xffff

10001944 <_ni_read>:
10001944:	3c022000 	lui	v0,0x2000
10001948:	8c420070 	lw	v0,112(v0)
1000194c:	03e00008 	jr	ra
10001950:	3042ffff 	andi	v0,v0,0xffff

10001954 <ni_ready>:
10001954:	27bdffe8 	addiu	sp,sp,-24
10001958:	afbf0014 	sw	ra,20(sp)
1000195c:	0c00064d 	jal	10001934 <_ni_status>
10001960:	00000000 	nop
10001964:	8fbf0014 	lw	ra,20(sp)
10001968:	30420001 	andi	v0,v0,0x1
1000196c:	03e00008 	jr	ra
10001970:	27bd0018 	addiu	sp,sp,24

10001974 <ni_flush>:
10001974:	27bdffe0 	addiu	sp,sp,-32
10001978:	afb00010 	sw	s0,16(sp)
1000197c:	3090ffff 	andi	s0,a0,0xffff
10001980:	00002021 	move	a0,zero
10001984:	afb20018 	sw	s2,24(sp)
10001988:	afbf001c 	sw	ra,28(sp)
1000198c:	0c00007b 	jal	100001ec <_interrupt_set>
10001990:	afb10014 	sw	s1,20(sp)
10001994:	0c000651 	jal	10001944 <_ni_read>
10001998:	00409021 	move	s2,v0
1000199c:	12000006 	beqz	s0,100019b8 <ni_flush+0x44>
100019a0:	00008821 	move	s1,zero
100019a4:	0c000651 	jal	10001944 <_ni_read>
100019a8:	26310001 	addiu	s1,s1,1
100019ac:	0230102a 	slt	v0,s1,s0
100019b0:	1440fffc 	bnez	v0,100019a4 <ni_flush+0x30>
100019b4:	00000000 	nop
100019b8:	0c00007b 	jal	100001ec <_interrupt_set>
100019bc:	02402021 	move	a0,s2
100019c0:	8fbf001c 	lw	ra,28(sp)
100019c4:	8fb20018 	lw	s2,24(sp)
100019c8:	8fb10014 	lw	s1,20(sp)
100019cc:	8fb00010 	lw	s0,16(sp)
100019d0:	08000655 	j	10001954 <ni_ready>
100019d4:	27bd0020 	addiu	sp,sp,32

100019d8 <ni_read_packet>:
100019d8:	27bdffd8 	addiu	sp,sp,-40
100019dc:	afb00014 	sw	s0,20(sp)
100019e0:	00808021 	move	s0,a0
100019e4:	00002021 	move	a0,zero
100019e8:	afb30020 	sw	s3,32(sp)
100019ec:	afb10018 	sw	s1,24(sp)
100019f0:	afbf0024 	sw	ra,36(sp)
100019f4:	30b1ffff 	andi	s1,a1,0xffff
100019f8:	0c00007b 	jal	100001ec <_interrupt_set>
100019fc:	afb2001c 	sw	s2,28(sp)
10001a00:	0c000651 	jal	10001944 <_ni_read>
10001a04:	00409821 	move	s3,v0
10001a08:	12200008 	beqz	s1,10001a2c <ni_read_packet+0x54>
10001a0c:	00118840 	sll	s1,s1,0x1
10001a10:	00009021 	move	s2,zero
10001a14:	0c000651 	jal	10001944 <_ni_read>
10001a18:	00000000 	nop
10001a1c:	02121821 	addu	v1,s0,s2
10001a20:	26520002 	addiu	s2,s2,2
10001a24:	1651fffb 	bne	s2,s1,10001a14 <ni_read_packet+0x3c>
10001a28:	a4620000 	sh	v0,0(v1)
10001a2c:	0c00007b 	jal	100001ec <_interrupt_set>
10001a30:	02602021 	move	a0,s3
10001a34:	8fbf0024 	lw	ra,36(sp)
10001a38:	00001021 	move	v0,zero
10001a3c:	8fb30020 	lw	s3,32(sp)
10001a40:	8fb2001c 	lw	s2,28(sp)
10001a44:	8fb10018 	lw	s1,24(sp)
10001a48:	8fb00014 	lw	s0,20(sp)
10001a4c:	03e00008 	jr	ra
10001a50:	27bd0028 	addiu	sp,sp,40

10001a54 <ni_isr>:
10001a54:	27bdffe0 	addiu	sp,sp,-32
10001a58:	afb10018 	sw	s1,24(sp)
10001a5c:	3c111009 	lui	s1,0x1009
10001a60:	8e24bb28 	lw	a0,-17624(s1)
10001a64:	afb00014 	sw	s0,20(sp)
10001a68:	afbf001c 	sw	ra,28(sp)
10001a6c:	0c0007ef 	jal	10001fbc <hf_queue_remhead>
10001a70:	00000000 	nop
10001a74:	1040004f 	beqz	v0,10001bb4 <ni_isr+0x160>
10001a78:	00408021 	move	s0,v0
10001a7c:	00402021 	move	a0,v0
10001a80:	0c000676 	jal	100019d8 <ni_read_packet>
10001a84:	24050040 	li	a1,64
10001a88:	96030002 	lhu	v1,2(s0)
10001a8c:	2402003e 	li	v0,62
10001a90:	14620035 	bne	v1,v0,10001b68 <ni_isr+0x114>
10001a94:	24020011 	li	v0,17
10001a98:	96060000 	lhu	a2,0(s0)
10001a9c:	00000000 	nop
10001aa0:	14c20038 	bne	a2,v0,10001b84 <ni_isr+0x130>
10001aa4:	30c500f0 	andi	a1,a2,0xf0
10001aa8:	96050008 	lhu	a1,8(s0)
10001aac:	00000000 	nop
10001ab0:	10a0002d 	beqz	a1,10001b68 <ni_isr+0x114>
10001ab4:	3402ffff 	li	v0,0xffff
10001ab8:	10a20024 	beq	a1,v0,10001b4c <ni_isr+0xf8>
10001abc:	3c031009 	lui	v1,0x1009
10001ac0:	2463ba44 	addiu	v1,v1,-17852
10001ac4:	00001021 	move	v0,zero
10001ac8:	080006b7 	j	10001adc <ni_isr+0x88>
10001acc:	2406001e 	li	a2,30
10001ad0:	24420001 	addiu	v0,v0,1
10001ad4:	10460045 	beq	v0,a2,10001bec <ni_isr+0x198>
10001ad8:	00000000 	nop
10001adc:	94640000 	lhu	a0,0(v1)
10001ae0:	00000000 	nop
10001ae4:	1485fffa 	bne	a0,a1,10001ad0 <ni_isr+0x7c>
10001ae8:	24630002 	addiu	v1,v1,2
10001aec:	00021880 	sll	v1,v0,0x2
10001af0:	00022100 	sll	a0,v0,0x4
10001af4:	00642021 	addu	a0,v1,a0
10001af8:	00821023 	subu	v0,a0,v0
10001afc:	3c041001 	lui	a0,0x1001
10001b00:	000210c0 	sll	v0,v0,0x3
10001b04:	2484073c 	addiu	a0,a0,1852
10001b08:	00441021 	addu	v0,v0,a0
10001b0c:	8c420088 	lw	v0,136(v0)
10001b10:	00000000 	nop
10001b14:	10400035 	beqz	v0,10001bec <ni_isr+0x198>
10001b18:	3c021009 	lui	v0,0x1009
10001b1c:	2442ba80 	addiu	v0,v0,-17792
10001b20:	00621821 	addu	v1,v1,v0
10001b24:	8c640000 	lw	a0,0(v1)
10001b28:	0c0007d7 	jal	10001f5c <hf_queue_addtail>
10001b2c:	02002821 	move	a1,s0
10001b30:	14400029 	bnez	v0,10001bd8 <ni_isr+0x184>
10001b34:	3c041000 	lui	a0,0x1000
10001b38:	8fbf001c 	lw	ra,28(sp)
10001b3c:	8fb10018 	lw	s1,24(sp)
10001b40:	8fb00014 	lw	s0,20(sp)
10001b44:	03e00008 	jr	ra
10001b48:	27bd0020 	addiu	sp,sp,32
10001b4c:	3c021009 	lui	v0,0x1009
10001b50:	8c42bb24 	lw	v0,-17628(v0)
10001b54:	00000000 	nop
10001b58:	10400003 	beqz	v0,10001b68 <ni_isr+0x114>
10001b5c:	00000000 	nop
10001b60:	0040f809 	jalr	v0
10001b64:	02002021 	move	a0,s0
10001b68:	8e24bb28 	lw	a0,-17624(s1)
10001b6c:	02002821 	move	a1,s0
10001b70:	8fbf001c 	lw	ra,28(sp)
10001b74:	8fb10018 	lw	s1,24(sp)
10001b78:	8fb00014 	lw	s0,20(sp)
10001b7c:	080007d7 	j	10001f5c <hf_queue_addtail>
10001b80:	27bd0020 	addiu	sp,sp,32
10001b84:	3c041000 	lui	a0,0x1000
10001b88:	24842ed4 	addiu	a0,a0,11988
10001b8c:	00052902 	srl	a1,a1,0x4
10001b90:	0c0001f7 	jal	100007dc <kprintf>
10001b94:	30c6000f 	andi	a2,a2,0xf
10001b98:	8e24bb28 	lw	a0,-17624(s1)
10001b9c:	02002821 	move	a1,s0
10001ba0:	8fbf001c 	lw	ra,28(sp)
10001ba4:	8fb10018 	lw	s1,24(sp)
10001ba8:	8fb00014 	lw	s0,20(sp)
10001bac:	080007d7 	j	10001f5c <hf_queue_addtail>
10001bb0:	27bd0020 	addiu	sp,sp,32
10001bb4:	3c041000 	lui	a0,0x1000
10001bb8:	0c0001f7 	jal	100007dc <kprintf>
10001bbc:	24842f90 	addiu	a0,a0,12176
10001bc0:	8fbf001c 	lw	ra,28(sp)
10001bc4:	8fb10018 	lw	s1,24(sp)
10001bc8:	8fb00014 	lw	s0,20(sp)
10001bcc:	24040040 	li	a0,64
10001bd0:	0800065d 	j	10001974 <ni_flush>
10001bd4:	27bd0020 	addiu	sp,sp,32
10001bd8:	96050008 	lhu	a1,8(s0)
10001bdc:	0c0001f7 	jal	100007dc <kprintf>
10001be0:	24842f08 	addiu	a0,a0,12040
10001be4:	080006da 	j	10001b68 <ni_isr+0x114>
10001be8:	00000000 	nop
10001bec:	96060004 	lhu	a2,4(s0)
10001bf0:	96070006 	lhu	a3,6(s0)
10001bf4:	3c041000 	lui	a0,0x1000
10001bf8:	0c0001f7 	jal	100007dc <kprintf>
10001bfc:	24842f44 	addiu	a0,a0,12100
10001c00:	080006da 	j	10001b68 <ni_isr+0x114>
10001c04:	00000000 	nop

10001c08 <ni_init>:
10001c08:	3c041000 	lui	a0,0x1000
10001c0c:	27bdffd8 	addiu	sp,sp,-40
10001c10:	24842fbc 	addiu	a0,a0,12220
10001c14:	24050004 	li	a1,4
10001c18:	afbf0024 	sw	ra,36(sp)
10001c1c:	afb10020 	sw	s1,32(sp)
10001c20:	0c0001f7 	jal	100007dc <kprintf>
10001c24:	afb0001c 	sw	s0,28(sp)
10001c28:	3c041000 	lui	a0,0x1000
10001c2c:	24842fd8 	addiu	a0,a0,12248
10001c30:	0c0001f7 	jal	100007dc <kprintf>
10001c34:	24050040 	li	a1,64
10001c38:	0c0007b8 	jal	10001ee0 <hf_queue_create>
10001c3c:	24040040 	li	a0,64
10001c40:	3c111009 	lui	s1,0x1009
10001c44:	10400034 	beqz	v0,10001d18 <ni_init+0x110>
10001c48:	ae22bb28 	sw	v0,-17624(s1)
10001c4c:	3c021009 	lui	v0,0x1009
10001c50:	2442ba44 	addiu	v0,v0,-17852
10001c54:	2443003c 	addiu	v1,v0,60
10001c58:	a4400000 	sh	zero,0(v0)
10001c5c:	24420002 	addiu	v0,v0,2
10001c60:	1443fffd 	bne	v0,v1,10001c58 <ni_init+0x50>
10001c64:	00000000 	nop
10001c68:	08000721 	j	10001c84 <ni_init+0x7c>
10001c6c:	24100040 	li	s0,64
10001c70:	8e24bb28 	lw	a0,-17624(s1)
10001c74:	0c0007d7 	jal	10001f5c <hf_queue_addtail>
10001c78:	00402821 	move	a1,v0
10001c7c:	1200000e 	beqz	s0,10001cb8 <ni_init+0xb0>
10001c80:	00000000 	nop
10001c84:	0c0005c8 	jal	10001720 <hf_malloc>
10001c88:	24040080 	li	a0,128
10001c8c:	1440fff8 	bnez	v0,10001c70 <ni_init+0x68>
10001c90:	2610ffff 	addiu	s0,s0,-1
10001c94:	24040004 	li	a0,4
10001c98:	0c00074a 	jal	10001d28 <panic>
10001c9c:	afa20010 	sw	v0,16(sp)
10001ca0:	8fa20010 	lw	v0,16(sp)
10001ca4:	8e24bb28 	lw	a0,-17624(s1)
10001ca8:	0c0007d7 	jal	10001f5c <hf_queue_addtail>
10001cac:	00402821 	move	a1,v0
10001cb0:	1600fff4 	bnez	s0,10001c84 <ni_init+0x7c>
10001cb4:	00000000 	nop
10001cb8:	0c00065d 	jal	10001974 <ni_flush>
10001cbc:	24040040 	li	a0,64
10001cc0:	14400008 	bnez	v0,10001ce4 <ni_init+0xdc>
10001cc4:	00000000 	nop
10001cc8:	3c041000 	lui	a0,0x1000
10001ccc:	8fbf0024 	lw	ra,36(sp)
10001cd0:	8fb10020 	lw	s1,32(sp)
10001cd4:	8fb0001c 	lw	s0,28(sp)
10001cd8:	2484301c 	addiu	a0,a0,12316
10001cdc:	080001f7 	j	100007dc <kprintf>
10001ce0:	27bd0028 	addiu	sp,sp,40
10001ce4:	3c051000 	lui	a1,0x1000
10001ce8:	24040100 	li	a0,256
10001cec:	0c000179 	jal	100005e4 <_irq_register>
10001cf0:	24a51a54 	addiu	a1,a1,6740
10001cf4:	0c0001a6 	jal	10000698 <_irq_mask_set>
10001cf8:	24040100 	li	a0,256
10001cfc:	3c041000 	lui	a0,0x1000
10001d00:	8fbf0024 	lw	ra,36(sp)
10001d04:	8fb10020 	lw	s1,32(sp)
10001d08:	8fb0001c 	lw	s0,28(sp)
10001d0c:	24842ffc 	addiu	a0,a0,12284
10001d10:	080001f7 	j	100007dc <kprintf>
10001d14:	27bd0028 	addiu	sp,sp,40
10001d18:	0c00074a 	jal	10001d28 <panic>
10001d1c:	24040004 	li	a0,4
10001d20:	08000714 	j	10001c50 <ni_init+0x48>
10001d24:	3c021009 	lui	v0,0x1009

10001d28 <panic>:
10001d28:	27bdffe8 	addiu	sp,sp,-24
10001d2c:	afb00010 	sw	s0,16(sp)
10001d30:	00808021 	move	s0,a0
10001d34:	afbf0014 	sw	ra,20(sp)
10001d38:	0c00007b 	jal	100001ec <_interrupt_set>
10001d3c:	00002021 	move	a0,zero
10001d40:	3c021009 	lui	v0,0x1009
10001d44:	9445baf8 	lhu	a1,-17672(v0)
10001d48:	3c041000 	lui	a0,0x1000
10001d4c:	0c0001f7 	jal	100007dc <kprintf>
10001d50:	2484303c 	addiu	a0,a0,12348
10001d54:	2e02000f 	sltiu	v0,s0,15
10001d58:	1440000b 	bnez	v0,10001d88 <panic+0x60>
10001d5c:	3c021000 	lui	v0,0x1000
10001d60:	3c041000 	lui	a0,0x1000
10001d64:	0c0001f7 	jal	100007dc <kprintf>
10001d68:	248431d4 	addiu	a0,a0,12756
10001d6c:	3c041000 	lui	a0,0x1000
10001d70:	0c0004a4 	jal	10001290 <printf>
10001d74:	248431e4 	addiu	a0,a0,12772
10001d78:	0c000175 	jal	100005d4 <_panic>
10001d7c:	00000000 	nop
10001d80:	08000760 	j	10001d80 <panic+0x58>
10001d84:	00000000 	nop
10001d88:	244231f8 	addiu	v0,v0,12792
10001d8c:	00108080 	sll	s0,s0,0x2
10001d90:	00508021 	addu	s0,v0,s0
10001d94:	8e020000 	lw	v0,0(s0)
10001d98:	00000000 	nop
10001d9c:	00400008 	jr	v0
10001da0:	00000000 	nop
10001da4:	3c041000 	lui	a0,0x1000
10001da8:	0c0001f7 	jal	100007dc <kprintf>
10001dac:	24843098 	addiu	a0,a0,12440
10001db0:	0800075c 	j	10001d70 <panic+0x48>
10001db4:	3c041000 	lui	a0,0x1000
10001db8:	3c041000 	lui	a0,0x1000
10001dbc:	0c0001f7 	jal	100007dc <kprintf>
10001dc0:	248431c0 	addiu	a0,a0,12736
10001dc4:	0800075c 	j	10001d70 <panic+0x48>
10001dc8:	3c041000 	lui	a0,0x1000
10001dcc:	3c041000 	lui	a0,0x1000
10001dd0:	0c0001f7 	jal	100007dc <kprintf>
10001dd4:	248431a4 	addiu	a0,a0,12708
10001dd8:	0800075c 	j	10001d70 <panic+0x48>
10001ddc:	3c041000 	lui	a0,0x1000
10001de0:	3c041000 	lui	a0,0x1000
10001de4:	0c0001f7 	jal	100007dc <kprintf>
10001de8:	24843180 	addiu	a0,a0,12672
10001dec:	0800075c 	j	10001d70 <panic+0x48>
10001df0:	3c041000 	lui	a0,0x1000
10001df4:	3c041000 	lui	a0,0x1000
10001df8:	0c0001f7 	jal	100007dc <kprintf>
10001dfc:	24843160 	addiu	a0,a0,12640
10001e00:	0800075c 	j	10001d70 <panic+0x48>
10001e04:	3c041000 	lui	a0,0x1000
10001e08:	3c041000 	lui	a0,0x1000
10001e0c:	0c0001f7 	jal	100007dc <kprintf>
10001e10:	24843140 	addiu	a0,a0,12608
10001e14:	0800075c 	j	10001d70 <panic+0x48>
10001e18:	3c041000 	lui	a0,0x1000
10001e1c:	3c041000 	lui	a0,0x1000
10001e20:	0c0001f7 	jal	100007dc <kprintf>
10001e24:	24843128 	addiu	a0,a0,12584
10001e28:	0800075c 	j	10001d70 <panic+0x48>
10001e2c:	3c041000 	lui	a0,0x1000
10001e30:	3c041000 	lui	a0,0x1000
10001e34:	0c0001f7 	jal	100007dc <kprintf>
10001e38:	248430f4 	addiu	a0,a0,12532
10001e3c:	0800075c 	j	10001d70 <panic+0x48>
10001e40:	3c041000 	lui	a0,0x1000
10001e44:	3c041000 	lui	a0,0x1000
10001e48:	0c0001f7 	jal	100007dc <kprintf>
10001e4c:	2484310c 	addiu	a0,a0,12556
10001e50:	0800075c 	j	10001d70 <panic+0x48>
10001e54:	3c041000 	lui	a0,0x1000
10001e58:	3c041000 	lui	a0,0x1000
10001e5c:	0c0001f7 	jal	100007dc <kprintf>
10001e60:	248430dc 	addiu	a0,a0,12508
10001e64:	0800075c 	j	10001d70 <panic+0x48>
10001e68:	3c041000 	lui	a0,0x1000
10001e6c:	3c041000 	lui	a0,0x1000
10001e70:	0c0001f7 	jal	100007dc <kprintf>
10001e74:	248430cc 	addiu	a0,a0,12492
10001e78:	0800075c 	j	10001d70 <panic+0x48>
10001e7c:	3c041000 	lui	a0,0x1000
10001e80:	3c041000 	lui	a0,0x1000
10001e84:	0c0001f7 	jal	100007dc <kprintf>
10001e88:	248430ac 	addiu	a0,a0,12460
10001e8c:	0800075c 	j	10001d70 <panic+0x48>
10001e90:	3c041000 	lui	a0,0x1000
10001e94:	3c041000 	lui	a0,0x1000
10001e98:	0c0001f7 	jal	100007dc <kprintf>
10001e9c:	24843088 	addiu	a0,a0,12424
10001ea0:	0800075c 	j	10001d70 <panic+0x48>
10001ea4:	3c041000 	lui	a0,0x1000
10001ea8:	3c041000 	lui	a0,0x1000
10001eac:	0c0001f7 	jal	100007dc <kprintf>
10001eb0:	2484306c 	addiu	a0,a0,12396
10001eb4:	0800075c 	j	10001d70 <panic+0x48>
10001eb8:	3c041000 	lui	a0,0x1000
10001ebc:	3c041000 	lui	a0,0x1000
10001ec0:	0c0001f7 	jal	100007dc <kprintf>
10001ec4:	24843058 	addiu	a0,a0,12376
10001ec8:	0800075c 	j	10001d70 <panic+0x48>
10001ecc:	3c041000 	lui	a0,0x1000

10001ed0 <hf_schedlock>:
10001ed0:	2c840001 	sltiu	a0,a0,1
10001ed4:	3c021009 	lui	v0,0x1009
10001ed8:	03e00008 	jr	ra
10001edc:	a444bb14 	sh	a0,-17644(v0)

10001ee0 <hf_queue_create>:
10001ee0:	27bdffe0 	addiu	sp,sp,-32
10001ee4:	afb10018 	sw	s1,24(sp)
10001ee8:	00808821 	move	s1,a0
10001eec:	afb00014 	sw	s0,20(sp)
10001ef0:	afbf001c 	sw	ra,28(sp)
10001ef4:	0c0005c8 	jal	10001720 <hf_malloc>
10001ef8:	24040014 	li	a0,20
10001efc:	1040000a 	beqz	v0,10001f28 <hf_queue_create+0x48>
10001f00:	00408021 	move	s0,v0
10001f04:	26240001 	addiu	a0,s1,1
10001f08:	ac440000 	sw	a0,0(v0)
10001f0c:	0c0005c8 	jal	10001720 <hf_malloc>
10001f10:	00042080 	sll	a0,a0,0x2
10001f14:	1040000a 	beqz	v0,10001f40 <hf_queue_create+0x60>
10001f18:	ae020010 	sw	v0,16(s0)
10001f1c:	ae00000c 	sw	zero,12(s0)
10001f20:	ae000008 	sw	zero,8(s0)
10001f24:	ae000004 	sw	zero,4(s0)
10001f28:	8fbf001c 	lw	ra,28(sp)
10001f2c:	02001021 	move	v0,s0
10001f30:	8fb10018 	lw	s1,24(sp)
10001f34:	8fb00014 	lw	s0,20(sp)
10001f38:	03e00008 	jr	ra
10001f3c:	27bd0020 	addiu	sp,sp,32
10001f40:	0c0005ad 	jal	100016b4 <hf_free>
10001f44:	02002021 	move	a0,s0
10001f48:	080007ca 	j	10001f28 <hf_queue_create+0x48>
10001f4c:	00008021 	move	s0,zero

10001f50 <hf_queue_count>:
10001f50:	8c820004 	lw	v0,4(a0)
10001f54:	03e00008 	jr	ra
10001f58:	00000000 	nop

10001f5c <hf_queue_addtail>:
10001f5c:	8c820000 	lw	v0,0(a0)
10001f60:	00000000 	nop
10001f64:	10400011 	beqz	v0,10001fac <hf_queue_addtail+0x50>
10001f68:	00000000 	nop
10001f6c:	8c86000c 	lw	a2,12(a0)
10001f70:	8c870008 	lw	a3,8(a0)
10001f74:	24c30001 	addiu	v1,a2,1
10001f78:	0062001a 	div	zero,v1,v0
10001f7c:	00001810 	mfhi	v1
10001f80:	10e3000c 	beq	a3,v1,10001fb4 <hf_queue_addtail+0x58>
10001f84:	00063080 	sll	a2,a2,0x2
10001f88:	8c820010 	lw	v0,16(a0)
10001f8c:	8c870004 	lw	a3,4(a0)
10001f90:	00463021 	addu	a2,v0,a2
10001f94:	24e70001 	addiu	a3,a3,1
10001f98:	acc50000 	sw	a1,0(a2)
10001f9c:	00001021 	move	v0,zero
10001fa0:	ac83000c 	sw	v1,12(a0)
10001fa4:	03e00008 	jr	ra
10001fa8:	ac870004 	sw	a3,4(a0)
10001fac:	03e00008 	jr	ra
10001fb0:	2402ffff 	li	v0,-1
10001fb4:	03e00008 	jr	ra
10001fb8:	2402ffff 	li	v0,-1

10001fbc <hf_queue_remhead>:
10001fbc:	8c830000 	lw	v1,0(a0)
10001fc0:	00000000 	nop
10001fc4:	10600011 	beqz	v1,1000200c <hf_queue_remhead+0x50>
10001fc8:	00000000 	nop
10001fcc:	8c820008 	lw	v0,8(a0)
10001fd0:	8c85000c 	lw	a1,12(a0)
10001fd4:	00000000 	nop
10001fd8:	1045000e 	beq	v0,a1,10002014 <hf_queue_remhead+0x58>
10001fdc:	24450001 	addiu	a1,v0,1
10001fe0:	00a3001a 	div	zero,a1,v1
10001fe4:	8c860010 	lw	a2,16(a0)
10001fe8:	8c850004 	lw	a1,4(a0)
10001fec:	00021080 	sll	v0,v0,0x2
10001ff0:	00c21021 	addu	v0,a2,v0
10001ff4:	24a5ffff 	addiu	a1,a1,-1
10001ff8:	8c420000 	lw	v0,0(v0)
10001ffc:	ac850004 	sw	a1,4(a0)
10002000:	00001810 	mfhi	v1
10002004:	03e00008 	jr	ra
10002008:	ac830008 	sw	v1,8(a0)
1000200c:	03e00008 	jr	ra
10002010:	00001021 	move	v0,zero
10002014:	03e00008 	jr	ra
10002018:	00001021 	move	v0,zero

1000201c <hf_queue_get>:
1000201c:	8c820000 	lw	v0,0(a0)
10002020:	00000000 	nop
10002024:	10400013 	beqz	v0,10002074 <hf_queue_get+0x58>
10002028:	00000000 	nop
1000202c:	8c830004 	lw	v1,4(a0)
10002030:	00000000 	nop
10002034:	00a3182a 	slt	v1,a1,v1
10002038:	1060000e 	beqz	v1,10002074 <hf_queue_get+0x58>
1000203c:	00000000 	nop
10002040:	8c830008 	lw	v1,8(a0)
10002044:	8c86000c 	lw	a2,12(a0)
10002048:	00000000 	nop
1000204c:	1066000b 	beq	v1,a2,1000207c <hf_queue_get+0x60>
10002050:	00a32821 	addu	a1,a1,v1
10002054:	00a2001a 	div	zero,a1,v0
10002058:	8c830010 	lw	v1,16(a0)
1000205c:	00001010 	mfhi	v0
10002060:	00021080 	sll	v0,v0,0x2
10002064:	00621021 	addu	v0,v1,v0
10002068:	8c420000 	lw	v0,0(v0)
1000206c:	03e00008 	jr	ra
10002070:	00000000 	nop
10002074:	03e00008 	jr	ra
10002078:	00001021 	move	v0,zero
1000207c:	03e00008 	jr	ra
10002080:	00001021 	move	v0,zero

10002084 <hf_queue_swap>:
10002084:	8c830000 	lw	v1,0(a0)
10002088:	00000000 	nop
1000208c:	10600022 	beqz	v1,10002118 <hf_queue_swap+0x94>
10002090:	00000000 	nop
10002094:	8c820004 	lw	v0,4(a0)
10002098:	00000000 	nop
1000209c:	00a2382a 	slt	a3,a1,v0
100020a0:	10e0001d 	beqz	a3,10002118 <hf_queue_swap+0x94>
100020a4:	00000000 	nop
100020a8:	00c2102a 	slt	v0,a2,v0
100020ac:	1040001a 	beqz	v0,10002118 <hf_queue_swap+0x94>
100020b0:	00000000 	nop
100020b4:	8c820008 	lw	v0,8(a0)
100020b8:	8c87000c 	lw	a3,12(a0)
100020bc:	00000000 	nop
100020c0:	10470017 	beq	v0,a3,10002120 <hf_queue_swap+0x9c>
100020c4:	00c23021 	addu	a2,a2,v0
100020c8:	00c3001a 	div	zero,a2,v1
100020cc:	00a22821 	addu	a1,a1,v0
100020d0:	8c870010 	lw	a3,16(a0)
100020d4:	00001021 	move	v0,zero
100020d8:	00003010 	mfhi	a2
100020dc:	00063080 	sll	a2,a2,0x2
100020e0:	00000000 	nop
100020e4:	00a3001a 	div	zero,a1,v1
100020e8:	00e62821 	addu	a1,a3,a2
100020ec:	8ca80000 	lw	t0,0(a1)
100020f0:	00001810 	mfhi	v1
100020f4:	00031880 	sll	v1,v1,0x2
100020f8:	00e33821 	addu	a3,a3,v1
100020fc:	8ce30000 	lw	v1,0(a3)
10002100:	ace80000 	sw	t0,0(a3)
10002104:	8c840010 	lw	a0,16(a0)
10002108:	00000000 	nop
1000210c:	00863021 	addu	a2,a0,a2
10002110:	03e00008 	jr	ra
10002114:	acc30000 	sw	v1,0(a2)
10002118:	03e00008 	jr	ra
1000211c:	2402ffff 	li	v0,-1
10002120:	03e00008 	jr	ra
10002124:	2402ffff 	li	v0,-1

10002128 <rt_queue_next>:
10002128:	27bdffe0 	addiu	sp,sp,-32
1000212c:	afb00014 	sw	s0,20(sp)
10002130:	3c101009 	lui	s0,0x1009
10002134:	8e04bb10 	lw	a0,-17648(s0)
10002138:	afb10018 	sw	s1,24(sp)
1000213c:	afbf001c 	sw	ra,28(sp)
10002140:	0c0007ef 	jal	10001fbc <hf_queue_remhead>
10002144:	3c111009 	lui	s1,0x1009
10002148:	10400010 	beqz	v0,1000218c <rt_queue_next+0x64>
1000214c:	ae22bafc 	sw	v0,-17668(s1)
10002150:	8e04bb10 	lw	a0,-17648(s0)
10002154:	0c0007d7 	jal	10001f5c <hf_queue_addtail>
10002158:	00402821 	move	a1,v0
1000215c:	14400006 	bnez	v0,10002178 <rt_queue_next+0x50>
10002160:	2404000b 	li	a0,11
10002164:	8fbf001c 	lw	ra,28(sp)
10002168:	8fb10018 	lw	s1,24(sp)
1000216c:	8fb00014 	lw	s0,20(sp)
10002170:	03e00008 	jr	ra
10002174:	27bd0020 	addiu	sp,sp,32
10002178:	8fbf001c 	lw	ra,28(sp)
1000217c:	8fb10018 	lw	s1,24(sp)
10002180:	8fb00014 	lw	s0,20(sp)
10002184:	0800074a 	j	10001d28 <panic>
10002188:	27bd0020 	addiu	sp,sp,32
1000218c:	0c00074a 	jal	10001d28 <panic>
10002190:	24040006 	li	a0,6
10002194:	8e22bafc 	lw	v0,-17668(s1)
10002198:	08000854 	j	10002150 <rt_queue_next+0x28>
1000219c:	00000000 	nop

100021a0 <run_queue_next>:
100021a0:	27bdffe0 	addiu	sp,sp,-32
100021a4:	afb00014 	sw	s0,20(sp)
100021a8:	3c101009 	lui	s0,0x1009
100021ac:	8e04bb0c 	lw	a0,-17652(s0)
100021b0:	afb10018 	sw	s1,24(sp)
100021b4:	afbf001c 	sw	ra,28(sp)
100021b8:	0c0007ef 	jal	10001fbc <hf_queue_remhead>
100021bc:	3c111009 	lui	s1,0x1009
100021c0:	10400010 	beqz	v0,10002204 <run_queue_next+0x64>
100021c4:	ae22bafc 	sw	v0,-17668(s1)
100021c8:	8e04bb0c 	lw	a0,-17652(s0)
100021cc:	0c0007d7 	jal	10001f5c <hf_queue_addtail>
100021d0:	00402821 	move	a1,v0
100021d4:	14400006 	bnez	v0,100021f0 <run_queue_next+0x50>
100021d8:	24040009 	li	a0,9
100021dc:	8fbf001c 	lw	ra,28(sp)
100021e0:	8fb10018 	lw	s1,24(sp)
100021e4:	8fb00014 	lw	s0,20(sp)
100021e8:	03e00008 	jr	ra
100021ec:	27bd0020 	addiu	sp,sp,32
100021f0:	8fbf001c 	lw	ra,28(sp)
100021f4:	8fb10018 	lw	s1,24(sp)
100021f8:	8fb00014 	lw	s0,20(sp)
100021fc:	0800074a 	j	10001d28 <panic>
10002200:	27bd0020 	addiu	sp,sp,32
10002204:	0c00074a 	jal	10001d28 <panic>
10002208:	24040005 	li	a0,5
1000220c:	8e22bafc 	lw	v0,-17668(s1)
10002210:	08000872 	j	100021c8 <run_queue_next+0x28>
10002214:	00000000 	nop

10002218 <dispatch_isr>:
10002218:	27bdffc8 	addiu	sp,sp,-56
1000221c:	afbf0034 	sw	ra,52(sp)
10002220:	afb60030 	sw	s6,48(sp)
10002224:	afb5002c 	sw	s5,44(sp)
10002228:	afb40028 	sw	s4,40(sp)
1000222c:	afb30024 	sw	s3,36(sp)
10002230:	afb20020 	sw	s2,32(sp)
10002234:	afb1001c 	sw	s1,28(sp)
10002238:	0c000162 	jal	10000588 <_timer_reset>
1000223c:	afb00018 	sw	s0,24(sp)
10002240:	3c021009 	lui	v0,0x1009
10002244:	9442bb14 	lhu	v0,-17644(v0)
10002248:	00000000 	nop
1000224c:	1440000b 	bnez	v0,1000227c <dispatch_isr+0x64>
10002250:	3c141009 	lui	s4,0x1009
10002254:	8fbf0034 	lw	ra,52(sp)
10002258:	8fb60030 	lw	s6,48(sp)
1000225c:	8fb5002c 	lw	s5,44(sp)
10002260:	8fb40028 	lw	s4,40(sp)
10002264:	8fb30024 	lw	s3,36(sp)
10002268:	8fb20020 	lw	s2,32(sp)
1000226c:	8fb1001c 	lw	s1,28(sp)
10002270:	8fb00018 	lw	s0,24(sp)
10002274:	03e00008 	jr	ra
10002278:	27bd0038 	addiu	sp,sp,56
1000227c:	9683baf8 	lhu	v1,-17672(s4)
10002280:	3c131009 	lui	s3,0x1009
10002284:	00032080 	sll	a0,v1,0x2
10002288:	00031100 	sll	v0,v1,0x4
1000228c:	00821021 	addu	v0,a0,v0
10002290:	00431823 	subu	v1,v0,v1
10002294:	3c021001 	lui	v0,0x1001
10002298:	000318c0 	sll	v1,v1,0x3
1000229c:	2442073c 	addiu	v0,v0,1852
100022a0:	00431021 	addu	v0,v0,v1
100022a4:	24440038 	addiu	a0,v0,56
100022a8:	0c00008f 	jal	1000023c <_context_save>
100022ac:	ae62bafc 	sw	v0,-17668(s3)
100022b0:	1440ffe8 	bnez	v0,10002254 <dispatch_isr+0x3c>
100022b4:	24030002 	li	v1,2
100022b8:	8e62bafc 	lw	v0,-17668(s3)
100022bc:	00000000 	nop
100022c0:	90440016 	lbu	a0,22(v0)
100022c4:	00000000 	nop
100022c8:	1083005a 	beq	a0,v1,10002434 <dispatch_isr+0x21c>
100022cc:	24030001 	li	v1,1
100022d0:	8c42008c 	lw	v0,140(v0)
100022d4:	00000000 	nop
100022d8:	8c430000 	lw	v1,0(v0)
100022dc:	3c02b00b 	lui	v0,0xb00b
100022e0:	3442b00b 	ori	v0,v0,0xb00b
100022e4:	10620004 	beq	v1,v0,100022f8 <dispatch_isr+0xe0>
100022e8:	3c021009 	lui	v0,0x1009
100022ec:	0c00074a 	jal	10001d28 <panic>
100022f0:	24040002 	li	a0,2
100022f4:	3c021009 	lui	v0,0x1009
100022f8:	9442bb04 	lhu	v0,-17660(v0)
100022fc:	00000000 	nop
10002300:	10400042 	beqz	v0,1000240c <dispatch_isr+0x1f4>
10002304:	24040003 	li	a0,3
10002308:	3c111009 	lui	s1,0x1009
1000230c:	8e24bb18 	lw	a0,-17640(s1)
10002310:	0c0007d4 	jal	10001f50 <hf_queue_count>
10002314:	00000000 	nop
10002318:	18400024 	blez	v0,100023ac <dispatch_isr+0x194>
1000231c:	00409021 	move	s2,v0
10002320:	00008021 	move	s0,zero
10002324:	3c161009 	lui	s6,0x1009
10002328:	080008d4 	j	10002350 <dispatch_isr+0x138>
1000232c:	3c151009 	lui	s5,0x1009
10002330:	8ea4bb10 	lw	a0,-17648(s5)
10002334:	0c0007d7 	jal	10001f5c <hf_queue_addtail>
10002338:	00402821 	move	a1,v0
1000233c:	14400048 	bnez	v0,10002460 <dispatch_isr+0x248>
10002340:	00000000 	nop
10002344:	26100001 	addiu	s0,s0,1
10002348:	12120018 	beq	s0,s2,100023ac <dispatch_isr+0x194>
1000234c:	00000000 	nop
10002350:	8e24bb18 	lw	a0,-17640(s1)
10002354:	0c0007ef 	jal	10001fbc <hf_queue_remhead>
10002358:	00000000 	nop
1000235c:	10400044 	beqz	v0,10002470 <dispatch_isr+0x258>
10002360:	24040007 	li	a0,7
10002364:	8c43001c 	lw	v1,28(v0)
10002368:	00000000 	nop
1000236c:	2463ffff 	addiu	v1,v1,-1
10002370:	14600032 	bnez	v1,1000243c <dispatch_isr+0x224>
10002374:	ac43001c 	sw	v1,28(v0)
10002378:	9443002c 	lhu	v1,44(v0)
1000237c:	00000000 	nop
10002380:	1460ffeb 	bnez	v1,10002330 <dispatch_isr+0x118>
10002384:	00000000 	nop
10002388:	8ec4bb0c 	lw	a0,-17652(s6)
1000238c:	0c0007d7 	jal	10001f5c <hf_queue_addtail>
10002390:	00402821 	move	a1,v0
10002394:	1040ffeb 	beqz	v0,10002344 <dispatch_isr+0x12c>
10002398:	24040009 	li	a0,9
1000239c:	0c00074a 	jal	10001d28 <panic>
100023a0:	26100001 	addiu	s0,s0,1
100023a4:	1612ffea 	bne	s0,s2,10002350 <dispatch_isr+0x138>
100023a8:	00000000 	nop
100023ac:	3c101009 	lui	s0,0x1009
100023b0:	8e02ba2c 	lw	v0,-17876(s0)
100023b4:	00000000 	nop
100023b8:	0040f809 	jalr	v0
100023bc:	2610ba2c 	addiu	s0,s0,-17876
100023c0:	3042ffff 	andi	v0,v0,0xffff
100023c4:	14400007 	bnez	v0,100023e4 <dispatch_isr+0x1cc>
100023c8:	a682baf8 	sh	v0,-17672(s4)
100023cc:	8e020004 	lw	v0,4(s0)
100023d0:	00000000 	nop
100023d4:	0040f809 	jalr	v0
100023d8:	00000000 	nop
100023dc:	3c031009 	lui	v1,0x1009
100023e0:	a462baf8 	sh	v0,-17672(v1)
100023e4:	8e02000c 	lw	v0,12(s0)
100023e8:	8e63bafc 	lw	v1,-17668(s3)
100023ec:	24420001 	addiu	v0,v0,1
100023f0:	24050002 	li	a1,2
100023f4:	24640038 	addiu	a0,v1,56
100023f8:	a0650016 	sb	a1,22(v1)
100023fc:	ae02000c 	sw	v0,12(s0)
10002400:	0c00009d 	jal	10000274 <_context_restore>
10002404:	24050001 	li	a1,1
10002408:	240400ff 	li	a0,255
1000240c:	8fbf0034 	lw	ra,52(sp)
10002410:	8fb60030 	lw	s6,48(sp)
10002414:	8fb5002c 	lw	s5,44(sp)
10002418:	8fb40028 	lw	s4,40(sp)
1000241c:	8fb30024 	lw	s3,36(sp)
10002420:	8fb20020 	lw	s2,32(sp)
10002424:	8fb1001c 	lw	s1,28(sp)
10002428:	8fb00018 	lw	s0,24(sp)
1000242c:	0800074a 	j	10001d28 <panic>
10002430:	27bd0038 	addiu	sp,sp,56
10002434:	080008b4 	j	100022d0 <dispatch_isr+0xb8>
10002438:	a0430016 	sb	v1,22(v0)
1000243c:	8e24bb18 	lw	a0,-17640(s1)
10002440:	0c0007d7 	jal	10001f5c <hf_queue_addtail>
10002444:	00402821 	move	a1,v0
10002448:	1040ffbe 	beqz	v0,10002344 <dispatch_isr+0x12c>
1000244c:	00000000 	nop
10002450:	0c00074a 	jal	10001d28 <panic>
10002454:	2404000a 	li	a0,10
10002458:	080008d2 	j	10002348 <dispatch_isr+0x130>
1000245c:	26100001 	addiu	s0,s0,1
10002460:	0c00074a 	jal	10001d28 <panic>
10002464:	2404000b 	li	a0,11
10002468:	080008d2 	j	10002348 <dispatch_isr+0x130>
1000246c:	26100001 	addiu	s0,s0,1
10002470:	0c00074a 	jal	10001d28 <panic>
10002474:	afa20010 	sw	v0,16(sp)
10002478:	8fa20010 	lw	v0,16(sp)
1000247c:	080008d9 	j	10002364 <dispatch_isr+0x14c>
10002480:	00000000 	nop

10002484 <sched_priorityrr>:
10002484:	3c021009 	lui	v0,0x1009
10002488:	8c44bb0c 	lw	a0,-17652(v0)
1000248c:	27bdffd0 	addiu	sp,sp,-48
10002490:	afb2001c 	sw	s2,28(sp)
10002494:	afbf002c 	sw	ra,44(sp)
10002498:	afb50028 	sw	s5,40(sp)
1000249c:	afb40024 	sw	s4,36(sp)
100024a0:	afb30020 	sw	s3,32(sp)
100024a4:	afb10018 	sw	s1,24(sp)
100024a8:	0c0007d4 	jal	10001f50 <hf_queue_count>
100024ac:	afb00014 	sw	s0,20(sp)
100024b0:	10400043 	beqz	v0,100025c0 <sched_priorityrr+0x13c>
100024b4:	00409021 	move	s2,v0
100024b8:	0c000868 	jal	100021a0 <run_queue_next>
100024bc:	00000000 	nop
100024c0:	1a400043 	blez	s2,100025d0 <sched_priorityrr+0x14c>
100024c4:	241400ff 	li	s4,255
100024c8:	00008021 	move	s0,zero
100024cc:	00008821 	move	s1,zero
100024d0:	3c131009 	lui	s3,0x1009
100024d4:	24150003 	li	s5,3
100024d8:	0c000868 	jal	100021a0 <run_queue_next>
100024dc:	26310001 	addiu	s1,s1,1
100024e0:	8e62bafc 	lw	v0,-17668(s3)
100024e4:	00000000 	nop
100024e8:	90430019 	lbu	v1,25(v0)
100024ec:	00000000 	nop
100024f0:	10600005 	beqz	v1,10002508 <sched_priorityrr+0x84>
100024f4:	00000000 	nop
100024f8:	90430016 	lbu	v1,22(v0)
100024fc:	00000000 	nop
10002500:	1475002c 	bne	v1,s5,100025b4 <sched_priorityrr+0x130>
10002504:	00000000 	nop
10002508:	90430018 	lbu	v1,24(v0)
1000250c:	00000000 	nop
10002510:	0074202b 	sltu	a0,v1,s4
10002514:	10800007 	beqz	a0,10002534 <sched_priorityrr+0xb0>
10002518:	00000000 	nop
1000251c:	90440016 	lbu	a0,22(v0)
10002520:	00000000 	nop
10002524:	10950003 	beq	a0,s5,10002534 <sched_priorityrr+0xb0>
10002528:	00000000 	nop
1000252c:	00408021 	move	s0,v0
10002530:	0060a021 	move	s4,v1
10002534:	1632ffe8 	bne	s1,s2,100024d8 <sched_priorityrr+0x54>
10002538:	00000000 	nop
1000253c:	00008821 	move	s1,zero
10002540:	0c000868 	jal	100021a0 <run_queue_next>
10002544:	26310001 	addiu	s1,s1,1
10002548:	8e62bafc 	lw	v0,-17668(s3)
1000254c:	00000000 	nop
10002550:	12020006 	beq	s0,v0,1000256c <sched_priorityrr+0xe8>
10002554:	00000000 	nop
10002558:	90440018 	lbu	a0,24(v0)
1000255c:	92030018 	lbu	v1,24(s0)
10002560:	00000000 	nop
10002564:	00831823 	subu	v1,a0,v1
10002568:	a0430018 	sb	v1,24(v0)
1000256c:	1632fff4 	bne	s1,s2,10002540 <sched_priorityrr+0xbc>
10002570:	00000000 	nop
10002574:	92020017 	lbu	v0,23(s0)
10002578:	ae70bafc 	sw	s0,-17668(s3)
1000257c:	a2020018 	sb	v0,24(s0)
10002580:	8e030024 	lw	v1,36(s0)
10002584:	8fbf002c 	lw	ra,44(sp)
10002588:	24630001 	addiu	v1,v1,1
1000258c:	96020000 	lhu	v0,0(s0)
10002590:	ae030024 	sw	v1,36(s0)
10002594:	8fb50028 	lw	s5,40(sp)
10002598:	8fb40024 	lw	s4,36(sp)
1000259c:	8fb30020 	lw	s3,32(sp)
100025a0:	8fb2001c 	lw	s2,28(sp)
100025a4:	8fb10018 	lw	s1,24(sp)
100025a8:	8fb00014 	lw	s0,20(sp)
100025ac:	03e00008 	jr	ra
100025b0:	27bd0030 	addiu	sp,sp,48
100025b4:	a0400019 	sb	zero,25(v0)
100025b8:	08000960 	j	10002580 <sched_priorityrr+0xfc>
100025bc:	00408021 	move	s0,v0
100025c0:	0c00074a 	jal	10001d28 <panic>
100025c4:	24040005 	li	a0,5
100025c8:	0c000868 	jal	100021a0 <run_queue_next>
100025cc:	00000000 	nop
100025d0:	00008021 	move	s0,zero
100025d4:	0800095d 	j	10002574 <sched_priorityrr+0xf0>
100025d8:	3c131009 	lui	s3,0x1009

100025dc <sched_edf>:
100025dc:	27bdffc8 	addiu	sp,sp,-56
100025e0:	afb10018 	sw	s1,24(sp)
100025e4:	3c111009 	lui	s1,0x1009
100025e8:	8e24bb10 	lw	a0,-17648(s1)
100025ec:	afb30020 	sw	s3,32(sp)
100025f0:	afbf0034 	sw	ra,52(sp)
100025f4:	afb70030 	sw	s7,48(sp)
100025f8:	afb6002c 	sw	s6,44(sp)
100025fc:	afb50028 	sw	s5,40(sp)
10002600:	afb40024 	sw	s4,36(sp)
10002604:	afb2001c 	sw	s2,28(sp)
10002608:	0c0007d4 	jal	10001f50 <hf_queue_count>
1000260c:	afb00014 	sw	s0,20(sp)
10002610:	10400070 	beqz	v0,100027d4 <sched_edf+0x1f8>
10002614:	00409821 	move	s3,v0
10002618:	2456ffff 	addiu	s6,v0,-1
1000261c:	00009021 	move	s2,zero
10002620:	0256102a 	slt	v0,s2,s6
10002624:	10400024 	beqz	v0,100026b8 <sched_edf+0xdc>
10002628:	0220a821 	move	s5,s1
1000262c:	26540001 	addiu	s4,s2,1
10002630:	0293102a 	slt	v0,s4,s3
10002634:	1040001c 	beqz	v0,100026a8 <sched_edf+0xcc>
10002638:	00000000 	nop
1000263c:	08000994 	j	10002650 <sched_edf+0x74>
10002640:	02808021 	move	s0,s4
10002644:	26100001 	addiu	s0,s0,1
10002648:	12130017 	beq	s0,s3,100026a8 <sched_edf+0xcc>
1000264c:	00000000 	nop
10002650:	8e24bb10 	lw	a0,-17648(s1)
10002654:	0c000807 	jal	1000201c <hf_queue_get>
10002658:	02402821 	move	a1,s2
1000265c:	8e24bb10 	lw	a0,-17648(s1)
10002660:	02002821 	move	a1,s0
10002664:	0c000807 	jal	1000201c <hf_queue_get>
10002668:	0040b821 	move	s7,v0
1000266c:	94420034 	lhu	v0,52(v0)
10002670:	96e30034 	lhu	v1,52(s7)
10002674:	00000000 	nop
10002678:	0043102b 	sltu	v0,v0,v1
1000267c:	1040fff1 	beqz	v0,10002644 <sched_edf+0x68>
10002680:	02003021 	move	a2,s0
10002684:	8ea4bb10 	lw	a0,-17648(s5)
10002688:	0c000821 	jal	10002084 <hf_queue_swap>
1000268c:	02402821 	move	a1,s2
10002690:	1040ffec 	beqz	v0,10002644 <sched_edf+0x68>
10002694:	2404000c 	li	a0,12
10002698:	0c00074a 	jal	10001d28 <panic>
1000269c:	26100001 	addiu	s0,s0,1
100026a0:	1613ffeb 	bne	s0,s3,10002650 <sched_edf+0x74>
100026a4:	00000000 	nop
100026a8:	02809021 	move	s2,s4
100026ac:	0296102a 	slt	v0,s4,s6
100026b0:	1440ffdf 	bnez	v0,10002630 <sched_edf+0x54>
100026b4:	26540001 	addiu	s4,s2,1
100026b8:	1a600048 	blez	s3,100027dc <sched_edf+0x200>
100026bc:	0000a021 	move	s4,zero
100026c0:	00008021 	move	s0,zero
100026c4:	3c111009 	lui	s1,0x1009
100026c8:	24120003 	li	s2,3
100026cc:	0c00084a 	jal	10002128 <rt_queue_next>
100026d0:	26100001 	addiu	s0,s0,1
100026d4:	8e22bafc 	lw	v0,-17668(s1)
100026d8:	00000000 	nop
100026dc:	90430016 	lbu	v1,22(v0)
100026e0:	00000000 	nop
100026e4:	10720009 	beq	v1,s2,1000270c <sched_edf+0x130>
100026e8:	00000000 	nop
100026ec:	94430032 	lhu	v1,50(v0)
100026f0:	00000000 	nop
100026f4:	10600005 	beqz	v1,1000270c <sched_edf+0x130>
100026f8:	00000000 	nop
100026fc:	16800003 	bnez	s4,1000270c <sched_edf+0x130>
10002700:	2463ffff 	addiu	v1,v1,-1
10002704:	94540000 	lhu	s4,0(v0)
10002708:	a4430032 	sh	v1,50(v0)
1000270c:	94430034 	lhu	v1,52(v0)
10002710:	00000000 	nop
10002714:	2463ffff 	addiu	v1,v1,-1
10002718:	3063ffff 	andi	v1,v1,0xffff
1000271c:	1460000d 	bnez	v1,10002754 <sched_edf+0x178>
10002720:	a4430034 	sh	v1,52(v0)
10002724:	9444002c 	lhu	a0,44(v0)
10002728:	94430032 	lhu	v1,50(v0)
1000272c:	00000000 	nop
10002730:	10600005 	beqz	v1,10002748 <sched_edf+0x16c>
10002734:	a4440034 	sh	a0,52(v0)
10002738:	8c430028 	lw	v1,40(v0)
1000273c:	00000000 	nop
10002740:	24630001 	addiu	v1,v1,1
10002744:	ac430028 	sw	v1,40(v0)
10002748:	9443002e 	lhu	v1,46(v0)
1000274c:	00000000 	nop
10002750:	a4430032 	sh	v1,50(v0)
10002754:	1613ffdd 	bne	s0,s3,100026cc <sched_edf+0xf0>
10002758:	00000000 	nop
1000275c:	16800010 	bnez	s4,100027a0 <sched_edf+0x1c4>
10002760:	00141100 	sll	v0,s4,0x4
10002764:	3c021001 	lui	v0,0x1001
10002768:	2442073c 	addiu	v0,v0,1852
1000276c:	ae22bafc 	sw	v0,-17668(s1)
10002770:	00001021 	move	v0,zero
10002774:	8fbf0034 	lw	ra,52(sp)
10002778:	8fb70030 	lw	s7,48(sp)
1000277c:	8fb6002c 	lw	s6,44(sp)
10002780:	8fb50028 	lw	s5,40(sp)
10002784:	8fb40024 	lw	s4,36(sp)
10002788:	8fb30020 	lw	s3,32(sp)
1000278c:	8fb2001c 	lw	s2,28(sp)
10002790:	8fb10018 	lw	s1,24(sp)
10002794:	8fb00014 	lw	s0,20(sp)
10002798:	03e00008 	jr	ra
1000279c:	27bd0038 	addiu	sp,sp,56
100027a0:	00141880 	sll	v1,s4,0x2
100027a4:	00621821 	addu	v1,v1,v0
100027a8:	00741823 	subu	v1,v1,s4
100027ac:	3c021001 	lui	v0,0x1001
100027b0:	000318c0 	sll	v1,v1,0x3
100027b4:	2442073c 	addiu	v0,v0,1852
100027b8:	00431021 	addu	v0,v0,v1
100027bc:	8c430020 	lw	v1,32(v0)
100027c0:	ae22bafc 	sw	v0,-17668(s1)
100027c4:	24630001 	addiu	v1,v1,1
100027c8:	ac430020 	sw	v1,32(v0)
100027cc:	080009dd 	j	10002774 <sched_edf+0x198>
100027d0:	02801021 	move	v0,s4
100027d4:	080009dd 	j	10002774 <sched_edf+0x198>
100027d8:	00001021 	move	v0,zero
100027dc:	080009d9 	j	10002764 <sched_edf+0x188>
100027e0:	3c111009 	lui	s1,0x1009

100027e4 <hf_spawn>:
100027e4:	27bdffa0 	addiu	sp,sp,-96
100027e8:	afb40048 	sw	s4,72(sp)
100027ec:	afb20040 	sw	s2,64(sp)
100027f0:	30b4ffff 	andi	s4,a1,0xffff
100027f4:	30d2ffff 	andi	s2,a2,0xffff
100027f8:	0292102b 	sltu	v0,s4,s2
100027fc:	afb60050 	sw	s6,80(sp)
10002800:	afb5004c 	sw	s5,76(sp)
10002804:	afbf005c 	sw	ra,92(sp)
10002808:	afbe0058 	sw	s8,88(sp)
1000280c:	afb70054 	sw	s7,84(sp)
10002810:	afb30044 	sw	s3,68(sp)
10002814:	afb1003c 	sw	s1,60(sp)
10002818:	afb00038 	sw	s0,56(sp)
1000281c:	0080a821 	move	s5,a0
10002820:	30f6ffff 	andi	s6,a3,0xffff
10002824:	afa00028 	sw	zero,40(sp)
10002828:	14400096 	bnez	v0,10002a84 <hf_spawn+0x2a0>
1000282c:	2402ff9b 	li	v0,-101
10002830:	02d2102b 	sltu	v0,s6,s2
10002834:	14400093 	bnez	v0,10002a84 <hf_spawn+0x2a0>
10002838:	2402ff9b 	li	v0,-101
1000283c:	0c00007b 	jal	100001ec <_interrupt_set>
10002840:	00002021 	move	a0,zero
10002844:	afa2002c 	sw	v0,44(sp)
10002848:	8fa20028 	lw	v0,40(sp)
1000284c:	3c101001 	lui	s0,0x1001
10002850:	00022080 	sll	a0,v0,0x2
10002854:	00021900 	sll	v1,v0,0x4
10002858:	00831821 	addu	v1,a0,v1
1000285c:	00621023 	subu	v0,v1,v0
10002860:	000210c0 	sll	v0,v0,0x3
10002864:	2610073c 	addiu	s0,s0,1852
10002868:	02021021 	addu	v0,s0,v0
1000286c:	8c420088 	lw	v0,136(v0)
10002870:	00000000 	nop
10002874:	14400013 	bnez	v0,100028c4 <hf_spawn+0xe0>
10002878:	00000000 	nop
1000287c:	08000a36 	j	100028d8 <hf_spawn+0xf4>
10002880:	00000000 	nop
10002884:	8fa20028 	lw	v0,40(sp)
10002888:	00000000 	nop
1000288c:	24420001 	addiu	v0,v0,1
10002890:	afa20028 	sw	v0,40(sp)
10002894:	8fa20028 	lw	v0,40(sp)
10002898:	00000000 	nop
1000289c:	00022080 	sll	a0,v0,0x2
100028a0:	00021900 	sll	v1,v0,0x4
100028a4:	00831821 	addu	v1,a0,v1
100028a8:	00621023 	subu	v0,v1,v0
100028ac:	000210c0 	sll	v0,v0,0x3
100028b0:	02021021 	addu	v0,s0,v0
100028b4:	8c420088 	lw	v0,136(v0)
100028b8:	00000000 	nop
100028bc:	10400006 	beqz	v0,100028d8 <hf_spawn+0xf4>
100028c0:	00000000 	nop
100028c4:	8fa20028 	lw	v0,40(sp)
100028c8:	00000000 	nop
100028cc:	2c42001e 	sltiu	v0,v0,30
100028d0:	1440ffec 	bnez	v0,10002884 <hf_spawn+0xa0>
100028d4:	00000000 	nop
100028d8:	8fa30028 	lw	v1,40(sp)
100028dc:	2402001e 	li	v0,30
100028e0:	1062008d 	beq	v1,v0,10002b18 <hf_spawn+0x334>
100028e4:	3c041000 	lui	a0,0x1000
100028e8:	8fa20028 	lw	v0,40(sp)
100028ec:	3c171009 	lui	s7,0x1009
100028f0:	00022080 	sll	a0,v0,0x2
100028f4:	00021900 	sll	v1,v0,0x4
100028f8:	00831821 	addu	v1,a0,v1
100028fc:	00621023 	subu	v0,v1,v0
10002900:	96e7bb04 	lhu	a3,-17660(s7)
10002904:	8fa30028 	lw	v1,40(sp)
10002908:	000210c0 	sll	v0,v0,0x3
1000290c:	02021021 	addu	v0,s0,v0
10002910:	8fa50070 	lw	a1,112(sp)
10002914:	3c111009 	lui	s1,0x1009
10002918:	24e70001 	addiu	a3,a3,1
1000291c:	24060014 	li	a2,20
10002920:	a4430000 	sh	v1,0(v0)
10002924:	24440002 	addiu	a0,v0,2
10002928:	a6e7bb04 	sh	a3,-17660(s7)
1000292c:	0c00047b 	jal	100011ec <strncpy>
10002930:	ae22bafc 	sw	v0,-17668(s1)
10002934:	8fb30074 	lw	s3,116(sp)
10002938:	8e3ebafc 	lw	s8,-17668(s1)
1000293c:	26730003 	addiu	s3,s3,3
10002940:	00139882 	srl	s3,s3,0x2
10002944:	00139880 	sll	s3,s3,0x2
10002948:	24020064 	li	v0,100
1000294c:	02602021 	move	a0,s3
10002950:	a3c00016 	sb	zero,22(s8)
10002954:	a3c20017 	sb	v0,23(s8)
10002958:	a3c20018 	sb	v0,24(s8)
1000295c:	afc0001c 	sw	zero,28(s8)
10002960:	a7d4002c 	sh	s4,44(s8)
10002964:	a7d2002e 	sh	s2,46(s8)
10002968:	a7d60030 	sh	s6,48(s8)
1000296c:	a7d20032 	sh	s2,50(s8)
10002970:	a7d60034 	sh	s6,52(s8)
10002974:	afc00020 	sw	zero,32(s8)
10002978:	afc00024 	sw	zero,36(s8)
1000297c:	afc00028 	sw	zero,40(s8)
10002980:	afd50088 	sw	s5,136(s8)
10002984:	0c0005c8 	jal	10001720 <hf_malloc>
10002988:	afd30090 	sw	s3,144(s8)
1000298c:	8e23bafc 	lw	v1,-17668(s1)
10002990:	afc2008c 	sw	v0,140(s8)
10002994:	8c65008c 	lw	a1,140(v1)
10002998:	94640000 	lhu	a0,0(v1)
1000299c:	24a5fffc 	addiu	a1,a1,-4
100029a0:	0c000117 	jal	1000045c <_set_task_sp>
100029a4:	00b32821 	addu	a1,a1,s3
100029a8:	8e22bafc 	lw	v0,-17668(s1)
100029ac:	00000000 	nop
100029b0:	94440000 	lhu	a0,0(v0)
100029b4:	8c450088 	lw	a1,136(v0)
100029b8:	0c00012e 	jal	100004b8 <_set_task_tp>
100029bc:	00000000 	nop
100029c0:	8e3ebafc 	lw	s8,-17668(s1)
100029c4:	00000000 	nop
100029c8:	8fc2008c 	lw	v0,140(s8)
100029cc:	00000000 	nop
100029d0:	10400042 	beqz	v0,10002adc <hf_spawn+0x2f8>
100029d4:	3c03b00b 	lui	v1,0xb00b
100029d8:	97c60000 	lhu	a2,0(s8)
100029dc:	97c7002c 	lhu	a3,44(s8)
100029e0:	3463b00b 	ori	v1,v1,0xb00b
100029e4:	00c02021 	move	a0,a2
100029e8:	ac430000 	sw	v1,0(v0)
100029ec:	97d6002e 	lhu	s6,46(s8)
100029f0:	97d50030 	lhu	s5,48(s8)
100029f4:	8fd20088 	lw	s2,136(s8)
100029f8:	afa60034 	sw	a2,52(sp)
100029fc:	0c000122 	jal	10000488 <_get_task_sp>
10002a00:	afa70030 	sw	a3,48(sp)
10002a04:	3c041000 	lui	a0,0x1000
10002a08:	8fa60034 	lw	a2,52(sp)
10002a0c:	8fa70030 	lw	a3,48(sp)
10002a10:	2484325c 	addiu	a0,a0,12892
10002a14:	27c50002 	addiu	a1,s8,2
10002a18:	afb60010 	sw	s6,16(sp)
10002a1c:	afb50014 	sw	s5,20(sp)
10002a20:	afb20018 	sw	s2,24(sp)
10002a24:	afa2001c 	sw	v0,28(sp)
10002a28:	0c0001f7 	jal	100007dc <kprintf>
10002a2c:	afb30020 	sw	s3,32(sp)
10002a30:	16800020 	bnez	s4,10002ab4 <hf_spawn+0x2d0>
10002a34:	3c021009 	lui	v0,0x1009
10002a38:	3c021009 	lui	v0,0x1009
10002a3c:	8c44bb0c 	lw	a0,-17652(v0)
10002a40:	8e25bafc 	lw	a1,-17668(s1)
10002a44:	0c0007d7 	jal	10001f5c <hf_queue_addtail>
10002a48:	00000000 	nop
10002a4c:	1440002e 	bnez	v0,10002b08 <hf_spawn+0x324>
10002a50:	00000000 	nop
10002a54:	3c021009 	lui	v0,0x1009
10002a58:	9442baf8 	lhu	v0,-17672(v0)
10002a5c:	8fa4002c 	lw	a0,44(sp)
10002a60:	00022880 	sll	a1,v0,0x2
10002a64:	00021900 	sll	v1,v0,0x4
10002a68:	00a31821 	addu	v1,a1,v1
10002a6c:	00621023 	subu	v0,v1,v0
10002a70:	000210c0 	sll	v0,v0,0x3
10002a74:	02028021 	addu	s0,s0,v0
10002a78:	0c00007b 	jal	100001ec <_interrupt_set>
10002a7c:	ae30bafc 	sw	s0,-17668(s1)
10002a80:	8fa20028 	lw	v0,40(sp)
10002a84:	8fbf005c 	lw	ra,92(sp)
10002a88:	8fbe0058 	lw	s8,88(sp)
10002a8c:	8fb70054 	lw	s7,84(sp)
10002a90:	8fb60050 	lw	s6,80(sp)
10002a94:	8fb5004c 	lw	s5,76(sp)
10002a98:	8fb40048 	lw	s4,72(sp)
10002a9c:	8fb30044 	lw	s3,68(sp)
10002aa0:	8fb20040 	lw	s2,64(sp)
10002aa4:	8fb1003c 	lw	s1,60(sp)
10002aa8:	8fb00038 	lw	s0,56(sp)
10002aac:	03e00008 	jr	ra
10002ab0:	27bd0060 	addiu	sp,sp,96
10002ab4:	8c44bb10 	lw	a0,-17648(v0)
10002ab8:	8e25bafc 	lw	a1,-17668(s1)
10002abc:	0c0007d7 	jal	10001f5c <hf_queue_addtail>
10002ac0:	00000000 	nop
10002ac4:	1040ffe3 	beqz	v0,10002a54 <hf_spawn+0x270>
10002ac8:	00000000 	nop
10002acc:	0c00074a 	jal	10001d28 <panic>
10002ad0:	2404000b 	li	a0,11
10002ad4:	08000a96 	j	10002a58 <hf_spawn+0x274>
10002ad8:	3c021009 	lui	v0,0x1009
10002adc:	96e2bb04 	lhu	v0,-17660(s7)
10002ae0:	3c041000 	lui	a0,0x1000
10002ae4:	2442ffff 	addiu	v0,v0,-1
10002ae8:	afc00088 	sw	zero,136(s8)
10002aec:	248432a4 	addiu	a0,a0,12964
10002af0:	0c0001f7 	jal	100007dc <kprintf>
10002af4:	a6e2bb04 	sh	v0,-17660(s7)
10002af8:	2402ff98 	li	v0,-104
10002afc:	afa20028 	sw	v0,40(sp)
10002b00:	08000a96 	j	10002a58 <hf_spawn+0x274>
10002b04:	3c021009 	lui	v0,0x1009
10002b08:	0c00074a 	jal	10001d28 <panic>
10002b0c:	24040009 	li	a0,9
10002b10:	08000a96 	j	10002a58 <hf_spawn+0x274>
10002b14:	3c021009 	lui	v0,0x1009
10002b18:	24843234 	addiu	a0,a0,12852
10002b1c:	0c0001f7 	jal	100007dc <kprintf>
10002b20:	2405001e 	li	a1,30
10002b24:	8fa4002c 	lw	a0,44(sp)
10002b28:	0c00007b 	jal	100001ec <_interrupt_set>
10002b2c:	00000000 	nop
10002b30:	08000aa1 	j	10002a84 <hf_spawn+0x2a0>
10002b34:	2402ff99 	li	v0,-103
